DEBUG - 2025-07-15 00:00:22 --> Session: Class initialized using 'CodeIgniter\Session\Handlers\FileHandler' driver.
ERROR - 2025-07-15 00:00:26 --> Error connecting to the database: mysqli_sql_exception: No connection could be made because the target machine actively refused it in E:\codeigniter 4\adminv4\system\Database\MySQLi\Connection.php:187
Stack trace:
#0 E:\codeigniter 4\adminv4\system\Database\MySQLi\Connection.php(187): mysqli->real_connect('localhost', 'root', '', 'pustaka', 3306, '', 0)
#1 E:\codeigniter 4\adminv4\system\Database\BaseConnection.php(421): CodeIgniter\Database\MySQLi\Connection->connect(false)
#2 E:\codeigniter 4\adminv4\system\Database\BaseConnection.php(616): CodeIgniter\Database\BaseConnection->initialize()
#3 E:\codeigniter 4\adminv4\system\Database\BaseBuilder.php(1728): CodeIgniter\Database\BaseConnection->query('SELECT COUNT(*)...', Array, false)
#4 E:\codeigniter 4\adminv4\system\Model.php(676): CodeIgniter\Database\BaseBuilder->countAllResults(false)
#5 E:\codeigniter 4\adminv4\app\Models\TpPublisherModel.php(33): CodeIgniter\Model->countAllResults(false)
#6 E:\codeigniter 4\adminv4\app\Controllers\TpPublisher.php(26): App\Models\TpPublisherModel->countData()
#7 E:\codeigniter 4\adminv4\system\CodeIgniter.php(933): App\Controllers\TpPublisher->tppublisherDashboard()
#8 E:\codeigniter 4\adminv4\system\CodeIgniter.php(509): CodeIgniter\CodeIgniter->runController(Object(App\Controllers\TpPublisher))
#9 E:\codeigniter 4\adminv4\system\CodeIgniter.php(355): CodeIgniter\CodeIgniter->handleRequest(NULL, Object(Config\Cache), false)
#10 E:\codeigniter 4\adminv4\system\Boot.php(334): CodeIgniter\CodeIgniter->run()
#11 E:\codeigniter 4\adminv4\system\Boot.php(67): CodeIgniter\Boot::runCodeIgniter(Object(CodeIgniter\CodeIgniter))
#12 E:\codeigniter 4\adminv4\public\index.php(56): CodeIgniter\Boot::bootWeb(Object(Config\Paths))
#13 E:\codeigniter 4\adminv4\system\rewrite.php(44): require_once('E:\\codeigniter ...')
#14 {main}

Next CodeIgniter\Database\Exceptions\DatabaseException: No connection could be made because the target machine actively refused it in E:\codeigniter 4\adminv4\system\Database\MySQLi\Connection.php:231
Stack trace:
#0 E:\codeigniter 4\adminv4\system\Database\BaseConnection.php(421): CodeIgniter\Database\MySQLi\Connection->connect(false)
#1 E:\codeigniter 4\adminv4\system\Database\BaseConnection.php(616): CodeIgniter\Database\BaseConnection->initialize()
#2 E:\codeigniter 4\adminv4\system\Database\BaseBuilder.php(1728): CodeIgniter\Database\BaseConnection->query('SELECT COUNT(*)...', Array, false)
#3 E:\codeigniter 4\adminv4\system\Model.php(676): CodeIgniter\Database\BaseBuilder->countAllResults(false)
#4 E:\codeigniter 4\adminv4\app\Models\TpPublisherModel.php(33): CodeIgniter\Model->countAllResults(false)
#5 E:\codeigniter 4\adminv4\app\Controllers\TpPublisher.php(26): App\Models\TpPublisherModel->countData()
#6 E:\codeigniter 4\adminv4\system\CodeIgniter.php(933): App\Controllers\TpPublisher->tppublisherDashboard()
#7 E:\codeigniter 4\adminv4\system\CodeIgniter.php(509): CodeIgniter\CodeIgniter->runController(Object(App\Controllers\TpPublisher))
#8 E:\codeigniter 4\adminv4\system\CodeIgniter.php(355): CodeIgniter\CodeIgniter->handleRequest(NULL, Object(Config\Cache), false)
#9 E:\codeigniter 4\adminv4\system\Boot.php(334): CodeIgniter\CodeIgniter->run()
#10 E:\codeigniter 4\adminv4\system\Boot.php(67): CodeIgniter\Boot::runCodeIgniter(Object(CodeIgniter\CodeIgniter))
#11 E:\codeigniter 4\adminv4\public\index.php(56): CodeIgniter\Boot::bootWeb(Object(Config\Paths))
#12 E:\codeigniter 4\adminv4\system\rewrite.php(44): require_once('E:\\codeigniter ...')
#13 {main}
CRITICAL - 2025-07-15 00:00:26 --> CodeIgniter\Database\Exceptions\DatabaseException: Unable to connect to the database.
Main connection [MySQLi]: No connection could be made because the target machine actively refused it
[Method: GET, Route: tppublisher]
in SYSTEMPATH\Database\BaseConnection.php on line 467.
 1 SYSTEMPATH\Database\BaseConnection.php(616): CodeIgniter\Database\BaseConnection->initialize()
 2 SYSTEMPATH\Database\BaseBuilder.php(1728): CodeIgniter\Database\BaseConnection->query('SELECT COUNT(*) AS `numrows`
FROM `tp_publisher_details`
WHERE `status` = :status:', [...], false)
 3 SYSTEMPATH\Model.php(676): CodeIgniter\Database\BaseBuilder->countAllResults(false)
 4 APPPATH\Models\TpPublisherModel.php(33): CodeIgniter\Model->countAllResults(false)
 5 APPPATH\Controllers\TpPublisher.php(26): App\Models\TpPublisherModel->countData()
 6 SYSTEMPATH\CodeIgniter.php(933): App\Controllers\TpPublisher->tppublisherDashboard()
 7 SYSTEMPATH\CodeIgniter.php(509): CodeIgniter\CodeIgniter->runController(Object(App\Controllers\TpPublisher))
 8 SYSTEMPATH\CodeIgniter.php(355): CodeIgniter\CodeIgniter->handleRequest(null, Object(Config\Cache), false)
 9 SYSTEMPATH\Boot.php(334): CodeIgniter\CodeIgniter->run()
10 SYSTEMPATH\Boot.php(67): CodeIgniter\Boot::runCodeIgniter(Object(CodeIgniter\CodeIgniter))
11 FCPATH\index.php(56): CodeIgniter\Boot::bootWeb(Object(Config\Paths))
12 SYSTEMPATH\rewrite.php(44): require_once('E:\\codeigniter 4\\adminv4\\public\\index.php')
DEBUG - 2025-07-15 00:00:49 --> Session: Class initialized using 'CodeIgniter\Session\Handlers\FileHandler' driver.
DEBUG - 2025-07-15 00:02:12 --> Session: Class initialized using 'CodeIgniter\Session\Handlers\FileHandler' driver.
DEBUG - 2025-07-15 00:04:03 --> Session: Class initialized using 'CodeIgniter\Session\Handlers\FileHandler' driver.
DEBUG - 2025-07-15 00:05:02 --> Session: Class initialized using 'CodeIgniter\Session\Handlers\FileHandler' driver.
DEBUG - 2025-07-15 00:06:15 --> Session: Class initialized using 'CodeIgniter\Session\Handlers\FileHandler' driver.
DEBUG - 2025-07-15 00:08:35 --> Session: Class initialized using 'CodeIgniter\Session\Handlers\FileHandler' driver.
DEBUG - 2025-07-15 00:10:04 --> Session: Class initialized using 'CodeIgniter\Session\Handlers\FileHandler' driver.
DEBUG - 2025-07-15 00:12:48 --> Session: Class initialized using 'CodeIgniter\Session\Handlers\FileHandler' driver.
DEBUG - 2025-07-15 00:31:08 --> Session: Class initialized using 'CodeIgniter\Session\Handlers\FileHandler' driver.
DEBUG - 2025-07-15 00:32:41 --> Session: Class initialized using 'CodeIgniter\Session\Handlers\FileHandler' driver.
DEBUG - 2025-07-15 00:34:08 --> Session: Class initialized using 'CodeIgniter\Session\Handlers\FileHandler' driver.
DEBUG - 2025-07-15 00:36:47 --> Session: Class initialized using 'CodeIgniter\Session\Handlers\FileHandler' driver.
DEBUG - 2025-07-15 00:37:18 --> Session: Class initialized using 'CodeIgniter\Session\Handlers\FileHandler' driver.
DEBUG - 2025-07-15 00:38:24 --> Session: Class initialized using 'CodeIgniter\Session\Handlers\FileHandler' driver.
DEBUG - 2025-07-15 00:41:15 --> Session: Class initialized using 'CodeIgniter\Session\Handlers\FileHandler' driver.
DEBUG - 2025-07-15 00:43:41 --> Session: Class initialized using 'CodeIgniter\Session\Handlers\FileHandler' driver.
DEBUG - 2025-07-15 00:45:23 --> Session: Class initialized using 'CodeIgniter\Session\Handlers\FileHandler' driver.
DEBUG - 2025-07-15 00:46:14 --> Session: Class initialized using 'CodeIgniter\Session\Handlers\FileHandler' driver.
DEBUG - 2025-07-15 00:52:20 --> Session: Class initialized using 'CodeIgniter\Session\Handlers\FileHandler' driver.
CRITICAL - 2025-07-15 00:52:20 --> ErrorException: Undefined variable $key
[Method: GET, Route: tppublisher/tppublisherdetails]
in APPPATH\Views\Tppublisher\tppublisherdetails.php on line 36.
 1 APPPATH\Views\Tppublisher\tppublisherdetails.php(36): CodeIgniter\Debug\Exceptions->errorHandler(2, 'Undefined variable $key', 'E:\\codeigniter 4\\adminv4\\app\\Views\\Tppublisher\\tppublisherdetails.php', 36)
 2 SYSTEMPATH\View\View.php(234): include('E:\\codeigniter 4\\adminv4\\app\\Views\\Tppublisher\\tppublisherdetails.php')
 3 SYSTEMPATH\View\View.php(237): CodeIgniter\View\View->CodeIgniter\View\{closure}()
 4 SYSTEMPATH\Common.php(1171): CodeIgniter\View\View->render('tppublisher/tppublisherdetails', [], true)
 5 APPPATH\Controllers\TpPublisher.php(42): view('tppublisher/tppublisherdetails', [...])
 6 SYSTEMPATH\CodeIgniter.php(933): App\Controllers\TpPublisher->tpPublisherDetails()
 7 SYSTEMPATH\CodeIgniter.php(509): CodeIgniter\CodeIgniter->runController(Object(App\Controllers\TpPublisher))
 8 SYSTEMPATH\CodeIgniter.php(355): CodeIgniter\CodeIgniter->handleRequest(null, Object(Config\Cache), false)
 9 SYSTEMPATH\Boot.php(334): CodeIgniter\CodeIgniter->run()
10 SYSTEMPATH\Boot.php(67): CodeIgniter\Boot::runCodeIgniter(Object(CodeIgniter\CodeIgniter))
11 FCPATH\index.php(56): CodeIgniter\Boot::bootWeb(Object(Config\Paths))
12 SYSTEMPATH\rewrite.php(44): require_once('E:\\codeigniter 4\\adminv4\\public\\index.php')
DEBUG - 2025-07-15 00:56:38 --> Session: Class initialized using 'CodeIgniter\Session\Handlers\FileHandler' driver.
CRITICAL - 2025-07-15 00:56:39 --> ErrorException: Undefined array key "publisher_id"
[Method: GET, Route: tppublisher/tppublisherdetails]
in APPPATH\Views\Tppublisher\tppublisherdetails.php on line 50.
 1 APPPATH\Views\Tppublisher\tppublisherdetails.php(50): CodeIgniter\Debug\Exceptions->errorHandler(2, 'Undefined array key "publisher_id"', 'E:\\codeigniter 4\\adminv4\\app\\Views\\Tppublisher\\tppublisherdetails.php', 50)
 2 SYSTEMPATH\View\View.php(234): include('E:\\codeigniter 4\\adminv4\\app\\Views\\Tppublisher\\tppublisherdetails.php')
 3 SYSTEMPATH\View\View.php(237): CodeIgniter\View\View->CodeIgniter\View\{closure}()
 4 SYSTEMPATH\Common.php(1171): CodeIgniter\View\View->render('tppublisher/tppublisherdetails', [], true)
 5 APPPATH\Controllers\TpPublisher.php(42): view('tppublisher/tppublisherdetails', [...])
 6 SYSTEMPATH\CodeIgniter.php(933): App\Controllers\TpPublisher->tpPublisherDetails()
 7 SYSTEMPATH\CodeIgniter.php(509): CodeIgniter\CodeIgniter->runController(Object(App\Controllers\TpPublisher))
 8 SYSTEMPATH\CodeIgniter.php(355): CodeIgniter\CodeIgniter->handleRequest(null, Object(Config\Cache), false)
 9 SYSTEMPATH\Boot.php(334): CodeIgniter\CodeIgniter->run()
10 SYSTEMPATH\Boot.php(67): CodeIgniter\Boot::runCodeIgniter(Object(CodeIgniter\CodeIgniter))
11 FCPATH\index.php(56): CodeIgniter\Boot::bootWeb(Object(Config\Paths))
12 SYSTEMPATH\rewrite.php(44): require_once('E:\\codeigniter 4\\adminv4\\public\\index.php')
DEBUG - 2025-07-15 00:57:04 --> Session: Class initialized using 'CodeIgniter\Session\Handlers\FileHandler' driver.
DEBUG - 2025-07-15 00:57:15 --> Session: Class initialized using 'CodeIgniter\Session\Handlers\FileHandler' driver.
DEBUG - 2025-07-15 02:49:50 --> Session: Class initialized using 'CodeIgniter\Session\Handlers\FileHandler' driver.
DEBUG - 2025-07-15 02:49:57 --> Session: Class initialized using 'CodeIgniter\Session\Handlers\FileHandler' driver.
CRITICAL - 2025-07-15 02:49:57 --> ErrorException: Undefined variable $key
[Method: GET, Route: tppublisher/tppublisherdetails]
in APPPATH\Views\Tppublisher\tppublisherdetails.php on line 52.
 1 APPPATH\Views\Tppublisher\tppublisherdetails.php(52): CodeIgniter\Debug\Exceptions->errorHandler(2, 'Undefined variable $key', 'E:\\codeigniter 4\\adminv4\\app\\Views\\Tppublisher\\tppublisherdetails.php', 52)
 2 SYSTEMPATH\View\View.php(234): include('E:\\codeigniter 4\\adminv4\\app\\Views\\Tppublisher\\tppublisherdetails.php')
 3 SYSTEMPATH\View\View.php(237): CodeIgniter\View\View->CodeIgniter\View\{closure}()
 4 SYSTEMPATH\Common.php(1171): CodeIgniter\View\View->render('tppublisher/tppublisherdetails', [], true)
 5 APPPATH\Controllers\TpPublisher.php(42): view('tppublisher/tppublisherdetails', [...])
 6 SYSTEMPATH\CodeIgniter.php(933): App\Controllers\TpPublisher->tpPublisherDetails()
 7 SYSTEMPATH\CodeIgniter.php(509): CodeIgniter\CodeIgniter->runController(Object(App\Controllers\TpPublisher))
 8 SYSTEMPATH\CodeIgniter.php(355): CodeIgniter\CodeIgniter->handleRequest(null, Object(Config\Cache), false)
 9 SYSTEMPATH\Boot.php(334): CodeIgniter\CodeIgniter->run()
10 SYSTEMPATH\Boot.php(67): CodeIgniter\Boot::runCodeIgniter(Object(CodeIgniter\CodeIgniter))
11 FCPATH\index.php(56): CodeIgniter\Boot::bootWeb(Object(Config\Paths))
12 SYSTEMPATH\rewrite.php(44): require_once('E:\\codeigniter 4\\adminv4\\public\\index.php')
DEBUG - 2025-07-15 02:50:49 --> Session: Class initialized using 'CodeIgniter\Session\Handlers\FileHandler' driver.
CRITICAL - 2025-07-15 02:50:49 --> ErrorException: Undefined array key "publisher_id"
[Method: GET, Route: tppublisher/tppublisherdetails]
in APPPATH\Views\Tppublisher\tppublisherdetails.php on line 57.
 1 APPPATH\Views\Tppublisher\tppublisherdetails.php(57): CodeIgniter\Debug\Exceptions->errorHandler(2, 'Undefined array key "publisher_id"', 'E:\\codeigniter 4\\adminv4\\app\\Views\\Tppublisher\\tppublisherdetails.php', 57)
 2 SYSTEMPATH\View\View.php(234): include('E:\\codeigniter 4\\adminv4\\app\\Views\\Tppublisher\\tppublisherdetails.php')
 3 SYSTEMPATH\View\View.php(237): CodeIgniter\View\View->CodeIgniter\View\{closure}()
 4 SYSTEMPATH\Common.php(1171): CodeIgniter\View\View->render('tppublisher/tppublisherdetails', [], true)
 5 APPPATH\Controllers\TpPublisher.php(42): view('tppublisher/tppublisherdetails', [...])
 6 SYSTEMPATH\CodeIgniter.php(933): App\Controllers\TpPublisher->tpPublisherDetails()
 7 SYSTEMPATH\CodeIgniter.php(509): CodeIgniter\CodeIgniter->runController(Object(App\Controllers\TpPublisher))
 8 SYSTEMPATH\CodeIgniter.php(355): CodeIgniter\CodeIgniter->handleRequest(null, Object(Config\Cache), false)
 9 SYSTEMPATH\Boot.php(334): CodeIgniter\CodeIgniter->run()
10 SYSTEMPATH\Boot.php(67): CodeIgniter\Boot::runCodeIgniter(Object(CodeIgniter\CodeIgniter))
11 FCPATH\index.php(56): CodeIgniter\Boot::bootWeb(Object(Config\Paths))
12 SYSTEMPATH\rewrite.php(44): require_once('E:\\codeigniter 4\\adminv4\\public\\index.php')
DEBUG - 2025-07-15 02:52:41 --> Session: Class initialized using 'CodeIgniter\Session\Handlers\FileHandler' driver.
CRITICAL - 2025-07-15 02:52:41 --> ErrorException: Undefined variable $key
[Method: GET, Route: tppublisher/tppublisherdetails]
in APPPATH\Views\Tppublisher\tppublisherdetails.php on line 52.
 1 APPPATH\Views\Tppublisher\tppublisherdetails.php(52): CodeIgniter\Debug\Exceptions->errorHandler(2, 'Undefined variable $key', 'E:\\codeigniter 4\\adminv4\\app\\Views\\Tppublisher\\tppublisherdetails.php', 52)
 2 SYSTEMPATH\View\View.php(234): include('E:\\codeigniter 4\\adminv4\\app\\Views\\Tppublisher\\tppublisherdetails.php')
 3 SYSTEMPATH\View\View.php(237): CodeIgniter\View\View->CodeIgniter\View\{closure}()
 4 SYSTEMPATH\Common.php(1171): CodeIgniter\View\View->render('tppublisher/tppublisherdetails', [], true)
 5 APPPATH\Controllers\TpPublisher.php(42): view('tppublisher/tppublisherdetails', [...])
 6 SYSTEMPATH\CodeIgniter.php(933): App\Controllers\TpPublisher->tpPublisherDetails()
 7 SYSTEMPATH\CodeIgniter.php(509): CodeIgniter\CodeIgniter->runController(Object(App\Controllers\TpPublisher))
 8 SYSTEMPATH\CodeIgniter.php(355): CodeIgniter\CodeIgniter->handleRequest(null, Object(Config\Cache), false)
 9 SYSTEMPATH\Boot.php(334): CodeIgniter\CodeIgniter->run()
10 SYSTEMPATH\Boot.php(67): CodeIgniter\Boot::runCodeIgniter(Object(CodeIgniter\CodeIgniter))
11 FCPATH\index.php(56): CodeIgniter\Boot::bootWeb(Object(Config\Paths))
12 SYSTEMPATH\rewrite.php(44): require_once('E:\\codeigniter 4\\adminv4\\public\\index.php')
DEBUG - 2025-07-15 02:53:45 --> Session: Class initialized using 'CodeIgniter\Session\Handlers\FileHandler' driver.
CRITICAL - 2025-07-15 02:53:45 --> ErrorException: Undefined array key "publisher_id"
[Method: GET, Route: tppublisher/tppublisherdetails]
in APPPATH\Views\Tppublisher\tppublisherdetails.php on line 57.
 1 APPPATH\Views\Tppublisher\tppublisherdetails.php(57): CodeIgniter\Debug\Exceptions->errorHandler(2, 'Undefined array key "publisher_id"', 'E:\\codeigniter 4\\adminv4\\app\\Views\\Tppublisher\\tppublisherdetails.php', 57)
 2 SYSTEMPATH\View\View.php(234): include('E:\\codeigniter 4\\adminv4\\app\\Views\\Tppublisher\\tppublisherdetails.php')
 3 SYSTEMPATH\View\View.php(237): CodeIgniter\View\View->CodeIgniter\View\{closure}()
 4 SYSTEMPATH\Common.php(1171): CodeIgniter\View\View->render('tppublisher/tppublisherdetails', [], true)
 5 APPPATH\Controllers\TpPublisher.php(42): view('tppublisher/tppublisherdetails', [...])
 6 SYSTEMPATH\CodeIgniter.php(933): App\Controllers\TpPublisher->tpPublisherDetails()
 7 SYSTEMPATH\CodeIgniter.php(509): CodeIgniter\CodeIgniter->runController(Object(App\Controllers\TpPublisher))
 8 SYSTEMPATH\CodeIgniter.php(355): CodeIgniter\CodeIgniter->handleRequest(null, Object(Config\Cache), false)
 9 SYSTEMPATH\Boot.php(334): CodeIgniter\CodeIgniter->run()
10 SYSTEMPATH\Boot.php(67): CodeIgniter\Boot::runCodeIgniter(Object(CodeIgniter\CodeIgniter))
11 FCPATH\index.php(56): CodeIgniter\Boot::bootWeb(Object(Config\Paths))
12 SYSTEMPATH\rewrite.php(44): require_once('E:\\codeigniter 4\\adminv4\\public\\index.php')
DEBUG - 2025-07-15 02:58:16 --> Session: Class initialized using 'CodeIgniter\Session\Handlers\FileHandler' driver.
CRITICAL - 2025-07-15 02:58:16 --> ErrorException: Undefined array key "publisher_id"
[Method: GET, Route: tppublisher/tppublisherdetails]
in APPPATH\Views\Tppublisher\tppublisherdetails.php on line 63.
 1 APPPATH\Views\Tppublisher\tppublisherdetails.php(63): CodeIgniter\Debug\Exceptions->errorHandler(2, 'Undefined array key "publisher_id"', 'E:\\codeigniter 4\\adminv4\\app\\Views\\Tppublisher\\tppublisherdetails.php', 63)
 2 SYSTEMPATH\View\View.php(234): include('E:\\codeigniter 4\\adminv4\\app\\Views\\Tppublisher\\tppublisherdetails.php')
 3 SYSTEMPATH\View\View.php(237): CodeIgniter\View\View->CodeIgniter\View\{closure}()
 4 SYSTEMPATH\Common.php(1171): CodeIgniter\View\View->render('tppublisher/tppublisherdetails', [], true)
 5 APPPATH\Controllers\TpPublisher.php(42): view('tppublisher/tppublisherdetails', [...])
 6 SYSTEMPATH\CodeIgniter.php(933): App\Controllers\TpPublisher->tpPublisherDetails()
 7 SYSTEMPATH\CodeIgniter.php(509): CodeIgniter\CodeIgniter->runController(Object(App\Controllers\TpPublisher))
 8 SYSTEMPATH\CodeIgniter.php(355): CodeIgniter\CodeIgniter->handleRequest(null, Object(Config\Cache), false)
 9 SYSTEMPATH\Boot.php(334): CodeIgniter\CodeIgniter->run()
10 SYSTEMPATH\Boot.php(67): CodeIgniter\Boot::runCodeIgniter(Object(CodeIgniter\CodeIgniter))
11 FCPATH\index.php(56): CodeIgniter\Boot::bootWeb(Object(Config\Paths))
12 SYSTEMPATH\rewrite.php(44): require_once('E:\\codeigniter 4\\adminv4\\public\\index.php')
DEBUG - 2025-07-15 02:59:44 --> Session: Class initialized using 'CodeIgniter\Session\Handlers\FileHandler' driver.
CRITICAL - 2025-07-15 02:59:44 --> ErrorException: Attempt to read property "publisher_id" on array
[Method: GET, Route: tppublisher/tppublisherdetails]
in APPPATH\Views\Tppublisher\tppublisherdetails.php on line 63.
 1 APPPATH\Views\Tppublisher\tppublisherdetails.php(63): CodeIgniter\Debug\Exceptions->errorHandler(2, 'Attempt to read property "publisher_id" on array', 'E:\\codeigniter 4\\adminv4\\app\\Views\\Tppublisher\\tppublisherdetails.php', 63)
 2 SYSTEMPATH\View\View.php(234): include('E:\\codeigniter 4\\adminv4\\app\\Views\\Tppublisher\\tppublisherdetails.php')
 3 SYSTEMPATH\View\View.php(237): CodeIgniter\View\View->CodeIgniter\View\{closure}()
 4 SYSTEMPATH\Common.php(1171): CodeIgniter\View\View->render('tppublisher/tppublisherdetails', [], true)
 5 APPPATH\Controllers\TpPublisher.php(42): view('tppublisher/tppublisherdetails', [...])
 6 SYSTEMPATH\CodeIgniter.php(933): App\Controllers\TpPublisher->tpPublisherDetails()
 7 SYSTEMPATH\CodeIgniter.php(509): CodeIgniter\CodeIgniter->runController(Object(App\Controllers\TpPublisher))
 8 SYSTEMPATH\CodeIgniter.php(355): CodeIgniter\CodeIgniter->handleRequest(null, Object(Config\Cache), false)
 9 SYSTEMPATH\Boot.php(334): CodeIgniter\CodeIgniter->run()
10 SYSTEMPATH\Boot.php(67): CodeIgniter\Boot::runCodeIgniter(Object(CodeIgniter\CodeIgniter))
11 FCPATH\index.php(56): CodeIgniter\Boot::bootWeb(Object(Config\Paths))
12 SYSTEMPATH\rewrite.php(44): require_once('E:\\codeigniter 4\\adminv4\\public\\index.php')
DEBUG - 2025-07-15 03:00:42 --> Session: Class initialized using 'CodeIgniter\Session\Handlers\FileHandler' driver.
CRITICAL - 2025-07-15 03:00:42 --> ErrorException: Undefined array key "publisher_id"
[Method: GET, Route: tppublisher/tppublisherdetails]
in APPPATH\Views\Tppublisher\tppublisherdetails.php on line 63.
 1 APPPATH\Views\Tppublisher\tppublisherdetails.php(63): CodeIgniter\Debug\Exceptions->errorHandler(2, 'Undefined array key "publisher_id"', 'E:\\codeigniter 4\\adminv4\\app\\Views\\Tppublisher\\tppublisherdetails.php', 63)
 2 SYSTEMPATH\View\View.php(234): include('E:\\codeigniter 4\\adminv4\\app\\Views\\Tppublisher\\tppublisherdetails.php')
 3 SYSTEMPATH\View\View.php(237): CodeIgniter\View\View->CodeIgniter\View\{closure}()
 4 SYSTEMPATH\Common.php(1171): CodeIgniter\View\View->render('tppublisher/tppublisherdetails', [], true)
 5 APPPATH\Controllers\TpPublisher.php(42): view('tppublisher/tppublisherdetails', [...])
 6 SYSTEMPATH\CodeIgniter.php(933): App\Controllers\TpPublisher->tpPublisherDetails()
 7 SYSTEMPATH\CodeIgniter.php(509): CodeIgniter\CodeIgniter->runController(Object(App\Controllers\TpPublisher))
 8 SYSTEMPATH\CodeIgniter.php(355): CodeIgniter\CodeIgniter->handleRequest(null, Object(Config\Cache), false)
 9 SYSTEMPATH\Boot.php(334): CodeIgniter\CodeIgniter->run()
10 SYSTEMPATH\Boot.php(67): CodeIgniter\Boot::runCodeIgniter(Object(CodeIgniter\CodeIgniter))
11 FCPATH\index.php(56): CodeIgniter\Boot::bootWeb(Object(Config\Paths))
12 SYSTEMPATH\rewrite.php(44): require_once('E:\\codeigniter 4\\adminv4\\public\\index.php')
DEBUG - 2025-07-15 03:05:10 --> Session: Class initialized using 'CodeIgniter\Session\Handlers\FileHandler' driver.
CRITICAL - 2025-07-15 03:05:10 --> ErrorException: Undefined variable $query
[Method: GET, Route: tppublisher/tppublisherdetails]
in APPPATH\Models\TpPublisherModel.php on line 72.
 1 APPPATH\Models\TpPublisherModel.php(72): CodeIgniter\Debug\Exceptions->errorHandler(2, 'Undefined variable $query', 'E:\\codeigniter 4\\adminv4\\app\\Models\\TpPublisherModel.php', 72)
 2 APPPATH\Controllers\TpPublisher.php(34): App\Models\TpPublisherModel->tpPublisherDetails()
 3 SYSTEMPATH\CodeIgniter.php(933): App\Controllers\TpPublisher->tpPublisherDetails()
 4 SYSTEMPATH\CodeIgniter.php(509): CodeIgniter\CodeIgniter->runController(Object(App\Controllers\TpPublisher))
 5 SYSTEMPATH\CodeIgniter.php(355): CodeIgniter\CodeIgniter->handleRequest(null, Object(Config\Cache), false)
 6 SYSTEMPATH\Boot.php(334): CodeIgniter\CodeIgniter->run()
 7 SYSTEMPATH\Boot.php(67): CodeIgniter\Boot::runCodeIgniter(Object(CodeIgniter\CodeIgniter))
 8 FCPATH\index.php(56): CodeIgniter\Boot::bootWeb(Object(Config\Paths))
 9 SYSTEMPATH\rewrite.php(44): require_once('E:\\codeigniter 4\\adminv4\\public\\index.php')
DEBUG - 2025-07-15 03:06:21 --> Session: Class initialized using 'CodeIgniter\Session\Handlers\FileHandler' driver.
CRITICAL - 2025-07-15 03:06:21 --> ErrorException: Undefined variable $key
[Method: GET, Route: tppublisher/tppublisherdetails]
in APPPATH\Views\Tppublisher\tppublisherdetails.php on line 52.
 1 APPPATH\Views\Tppublisher\tppublisherdetails.php(52): CodeIgniter\Debug\Exceptions->errorHandler(2, 'Undefined variable $key', 'E:\\codeigniter 4\\adminv4\\app\\Views\\Tppublisher\\tppublisherdetails.php', 52)
 2 SYSTEMPATH\View\View.php(234): include('E:\\codeigniter 4\\adminv4\\app\\Views\\Tppublisher\\tppublisherdetails.php')
 3 SYSTEMPATH\View\View.php(237): CodeIgniter\View\View->CodeIgniter\View\{closure}()
 4 SYSTEMPATH\Common.php(1171): CodeIgniter\View\View->render('tppublisher/tppublisherdetails', [], true)
 5 APPPATH\Controllers\TpPublisher.php(42): view('tppublisher/tppublisherdetails', [...])
 6 SYSTEMPATH\CodeIgniter.php(933): App\Controllers\TpPublisher->tpPublisherDetails()
 7 SYSTEMPATH\CodeIgniter.php(509): CodeIgniter\CodeIgniter->runController(Object(App\Controllers\TpPublisher))
 8 SYSTEMPATH\CodeIgniter.php(355): CodeIgniter\CodeIgniter->handleRequest(null, Object(Config\Cache), false)
 9 SYSTEMPATH\Boot.php(334): CodeIgniter\CodeIgniter->run()
10 SYSTEMPATH\Boot.php(67): CodeIgniter\Boot::runCodeIgniter(Object(CodeIgniter\CodeIgniter))
11 FCPATH\index.php(56): CodeIgniter\Boot::bootWeb(Object(Config\Paths))
12 SYSTEMPATH\rewrite.php(44): require_once('E:\\codeigniter 4\\adminv4\\public\\index.php')
DEBUG - 2025-07-15 03:07:50 --> Session: Class initialized using 'CodeIgniter\Session\Handlers\FileHandler' driver.
CRITICAL - 2025-07-15 03:07:50 --> ErrorException: Undefined variable $sl
[Method: GET, Route: tppublisher/tppublisherdetails]
in APPPATH\Views\Tppublisher\tppublisherdetails.php on line 55.
 1 APPPATH\Views\Tppublisher\tppublisherdetails.php(55): CodeIgniter\Debug\Exceptions->errorHandler(2, 'Undefined variable $sl', 'E:\\codeigniter 4\\adminv4\\app\\Views\\Tppublisher\\tppublisherdetails.php', 55)
 2 SYSTEMPATH\View\View.php(234): include('E:\\codeigniter 4\\adminv4\\app\\Views\\Tppublisher\\tppublisherdetails.php')
 3 SYSTEMPATH\View\View.php(237): CodeIgniter\View\View->CodeIgniter\View\{closure}()
 4 SYSTEMPATH\Common.php(1171): CodeIgniter\View\View->render('tppublisher/tppublisherdetails', [], true)
 5 APPPATH\Controllers\TpPublisher.php(42): view('tppublisher/tppublisherdetails', [...])
 6 SYSTEMPATH\CodeIgniter.php(933): App\Controllers\TpPublisher->tpPublisherDetails()
 7 SYSTEMPATH\CodeIgniter.php(509): CodeIgniter\CodeIgniter->runController(Object(App\Controllers\TpPublisher))
 8 SYSTEMPATH\CodeIgniter.php(355): CodeIgniter\CodeIgniter->handleRequest(null, Object(Config\Cache), false)
 9 SYSTEMPATH\Boot.php(334): CodeIgniter\CodeIgniter->run()
10 SYSTEMPATH\Boot.php(67): CodeIgniter\Boot::runCodeIgniter(Object(CodeIgniter\CodeIgniter))
11 FCPATH\index.php(56): CodeIgniter\Boot::bootWeb(Object(Config\Paths))
12 SYSTEMPATH\rewrite.php(44): require_once('E:\\codeigniter 4\\adminv4\\public\\index.php')
DEBUG - 2025-07-15 03:08:28 --> Session: Class initialized using 'CodeIgniter\Session\Handlers\FileHandler' driver.
CRITICAL - 2025-07-15 03:08:28 --> ErrorException: Undefined variable $key
[Method: GET, Route: tppublisher/tppublisherdetails]
in APPPATH\Views\Tppublisher\tppublisherdetails.php on line 65.
 1 APPPATH\Views\Tppublisher\tppublisherdetails.php(65): CodeIgniter\Debug\Exceptions->errorHandler(2, 'Undefined variable $key', 'E:\\codeigniter 4\\adminv4\\app\\Views\\Tppublisher\\tppublisherdetails.php', 65)
 2 SYSTEMPATH\View\View.php(234): include('E:\\codeigniter 4\\adminv4\\app\\Views\\Tppublisher\\tppublisherdetails.php')
 3 SYSTEMPATH\View\View.php(237): CodeIgniter\View\View->CodeIgniter\View\{closure}()
 4 SYSTEMPATH\Common.php(1171): CodeIgniter\View\View->render('tppublisher/tppublisherdetails', [], true)
 5 APPPATH\Controllers\TpPublisher.php(42): view('tppublisher/tppublisherdetails', [...])
 6 SYSTEMPATH\CodeIgniter.php(933): App\Controllers\TpPublisher->tpPublisherDetails()
 7 SYSTEMPATH\CodeIgniter.php(509): CodeIgniter\CodeIgniter->runController(Object(App\Controllers\TpPublisher))
 8 SYSTEMPATH\CodeIgniter.php(355): CodeIgniter\CodeIgniter->handleRequest(null, Object(Config\Cache), false)
 9 SYSTEMPATH\Boot.php(334): CodeIgniter\CodeIgniter->run()
10 SYSTEMPATH\Boot.php(67): CodeIgniter\Boot::runCodeIgniter(Object(CodeIgniter\CodeIgniter))
11 FCPATH\index.php(56): CodeIgniter\Boot::bootWeb(Object(Config\Paths))
12 SYSTEMPATH\rewrite.php(44): require_once('E:\\codeigniter 4\\adminv4\\public\\index.php')
DEBUG - 2025-07-15 03:08:59 --> Session: Class initialized using 'CodeIgniter\Session\Handlers\FileHandler' driver.
DEBUG - 2025-07-15 03:11:18 --> Session: Class initialized using 'CodeIgniter\Session\Handlers\FileHandler' driver.
DEBUG - 2025-07-15 03:12:01 --> Session: Class initialized using 'CodeIgniter\Session\Handlers\FileHandler' driver.
DEBUG - 2025-07-15 03:12:56 --> Session: Class initialized using 'CodeIgniter\Session\Handlers\FileHandler' driver.
DEBUG - 2025-07-15 03:21:35 --> Session: Class initialized using 'CodeIgniter\Session\Handlers\FileHandler' driver.
CRITICAL - 2025-07-15 03:21:35 --> ErrorException: Undefined variable $key
[Method: GET, Route: tppublisher/tppublisherdetails]
in APPPATH\Views\Tppublisher\tppublisherdetails.php on line 52.
 1 APPPATH\Views\Tppublisher\tppublisherdetails.php(52): CodeIgniter\Debug\Exceptions->errorHandler(2, 'Undefined variable $key', 'E:\\codeigniter 4\\adminv4\\app\\Views\\Tppublisher\\tppublisherdetails.php', 52)
 2 SYSTEMPATH\View\View.php(234): include('E:\\codeigniter 4\\adminv4\\app\\Views\\Tppublisher\\tppublisherdetails.php')
 3 SYSTEMPATH\View\View.php(237): CodeIgniter\View\View->CodeIgniter\View\{closure}()
 4 SYSTEMPATH\Common.php(1171): CodeIgniter\View\View->render('tppublisher/tppublisherdetails', [], true)
 5 APPPATH\Controllers\TpPublisher.php(42): view('tppublisher/tppublisherdetails', [...])
 6 SYSTEMPATH\CodeIgniter.php(933): App\Controllers\TpPublisher->tpPublisherDetails()
 7 SYSTEMPATH\CodeIgniter.php(509): CodeIgniter\CodeIgniter->runController(Object(App\Controllers\TpPublisher))
 8 SYSTEMPATH\CodeIgniter.php(355): CodeIgniter\CodeIgniter->handleRequest(null, Object(Config\Cache), false)
 9 SYSTEMPATH\Boot.php(334): CodeIgniter\CodeIgniter->run()
10 SYSTEMPATH\Boot.php(67): CodeIgniter\Boot::runCodeIgniter(Object(CodeIgniter\CodeIgniter))
11 FCPATH\index.php(56): CodeIgniter\Boot::bootWeb(Object(Config\Paths))
12 SYSTEMPATH\rewrite.php(44): require_once('E:\\codeigniter 4\\adminv4\\public\\index.php')
DEBUG - 2025-07-15 03:23:19 --> Session: Class initialized using 'CodeIgniter\Session\Handlers\FileHandler' driver.
CRITICAL - 2025-07-15 03:23:19 --> ErrorException: Undefined variable $key
[Method: GET, Route: tppublisher/tppublisherdetails]
in APPPATH\Views\Tppublisher\tppublisherdetails.php on line 52.
 1 APPPATH\Views\Tppublisher\tppublisherdetails.php(52): CodeIgniter\Debug\Exceptions->errorHandler(2, 'Undefined variable $key', 'E:\\codeigniter 4\\adminv4\\app\\Views\\Tppublisher\\tppublisherdetails.php', 52)
 2 SYSTEMPATH\View\View.php(234): include('E:\\codeigniter 4\\adminv4\\app\\Views\\Tppublisher\\tppublisherdetails.php')
 3 SYSTEMPATH\View\View.php(237): CodeIgniter\View\View->CodeIgniter\View\{closure}()
 4 SYSTEMPATH\Common.php(1171): CodeIgniter\View\View->render('tppublisher/tppublisherdetails', [], true)
 5 APPPATH\Controllers\TpPublisher.php(42): view('tppublisher/tppublisherdetails', [...])
 6 SYSTEMPATH\CodeIgniter.php(933): App\Controllers\TpPublisher->tpPublisherDetails()
 7 SYSTEMPATH\CodeIgniter.php(509): CodeIgniter\CodeIgniter->runController(Object(App\Controllers\TpPublisher))
 8 SYSTEMPATH\CodeIgniter.php(355): CodeIgniter\CodeIgniter->handleRequest(null, Object(Config\Cache), false)
 9 SYSTEMPATH\Boot.php(334): CodeIgniter\CodeIgniter->run()
10 SYSTEMPATH\Boot.php(67): CodeIgniter\Boot::runCodeIgniter(Object(CodeIgniter\CodeIgniter))
11 FCPATH\index.php(56): CodeIgniter\Boot::bootWeb(Object(Config\Paths))
12 SYSTEMPATH\rewrite.php(44): require_once('E:\\codeigniter 4\\adminv4\\public\\index.php')
DEBUG - 2025-07-15 03:30:59 --> Session: Class initialized using 'CodeIgniter\Session\Handlers\FileHandler' driver.
DEBUG - 2025-07-15 03:33:50 --> Session: Class initialized using 'CodeIgniter\Session\Handlers\FileHandler' driver.
DEBUG - 2025-07-15 03:34:57 --> Session: Class initialized using 'CodeIgniter\Session\Handlers\FileHandler' driver.
DEBUG - 2025-07-15 03:48:14 --> Session: Class initialized using 'CodeIgniter\Session\Handlers\FileHandler' driver.
DEBUG - 2025-07-15 03:48:19 --> Session: Class initialized using 'CodeIgniter\Session\Handlers\FileHandler' driver.
DEBUG - 2025-07-15 04:00:00 --> Session: Class initialized using 'CodeIgniter\Session\Handlers\FileHandler' driver.
DEBUG - 2025-07-15 04:01:39 --> Session: Class initialized using 'CodeIgniter\Session\Handlers\FileHandler' driver.
DEBUG - 2025-07-15 04:06:07 --> Session: Class initialized using 'CodeIgniter\Session\Handlers\FileHandler' driver.
DEBUG - 2025-07-15 04:13:39 --> Session: Class initialized using 'CodeIgniter\Session\Handlers\FileHandler' driver.
DEBUG - 2025-07-15 04:13:56 --> Session: Class initialized using 'CodeIgniter\Session\Handlers\FileHandler' driver.
DEBUG - 2025-07-15 04:18:52 --> Session: Class initialized using 'CodeIgniter\Session\Handlers\FileHandler' driver.
DEBUG - 2025-07-15 04:20:04 --> Session: Class initialized using 'CodeIgniter\Session\Handlers\FileHandler' driver.
DEBUG - 2025-07-15 04:20:21 --> Session: Class initialized using 'CodeIgniter\Session\Handlers\FileHandler' driver.
DEBUG - 2025-07-15 04:29:14 --> Session: Class initialized using 'CodeIgniter\Session\Handlers\FileHandler' driver.
DEBUG - 2025-07-15 04:29:16 --> Session: Class initialized using 'CodeIgniter\Session\Handlers\FileHandler' driver.
DEBUG - 2025-07-15 04:29:20 --> Session: Class initialized using 'CodeIgniter\Session\Handlers\FileHandler' driver.
DEBUG - 2025-07-15 04:29:27 --> Session: Class initialized using 'CodeIgniter\Session\Handlers\FileHandler' driver.
DEBUG - 2025-07-15 04:31:47 --> Session: Class initialized using 'CodeIgniter\Session\Handlers\FileHandler' driver.
DEBUG - 2025-07-15 04:31:50 --> Session: Class initialized using 'CodeIgniter\Session\Handlers\FileHandler' driver.
DEBUG - 2025-07-15 04:31:52 --> Session: Class initialized using 'CodeIgniter\Session\Handlers\FileHandler' driver.
DEBUG - 2025-07-15 04:31:57 --> Session: Class initialized using 'CodeIgniter\Session\Handlers\FileHandler' driver.
DEBUG - 2025-07-15 04:31:58 --> Session: Class initialized using 'CodeIgniter\Session\Handlers\FileHandler' driver.
DEBUG - 2025-07-15 04:33:42 --> Session: Class initialized using 'CodeIgniter\Session\Handlers\FileHandler' driver.
DEBUG - 2025-07-15 04:33:48 --> Session: Class initialized using 'CodeIgniter\Session\Handlers\FileHandler' driver.
DEBUG - 2025-07-15 04:44:28 --> Session: Class initialized using 'CodeIgniter\Session\Handlers\FileHandler' driver.
CRITICAL - 2025-07-15 04:44:28 --> ParseError: syntax error, unexpected token "endforeach", expecting end of file
[Method: GET, Route: tppublisher/tppublisherdetails]
in APPPATH\Views\Tppublisher\tppublisherdetails.php on line 104.
 1 SYSTEMPATH\View\View.php(237): CodeIgniter\View\View->CodeIgniter\View\{closure}()
 2 SYSTEMPATH\Common.php(1171): CodeIgniter\View\View->render('tppublisher/tppublisherdetails', [], true)
 3 APPPATH\Controllers\TpPublisher.php(42): view('tppublisher/tppublisherdetails', [...])
 4 SYSTEMPATH\CodeIgniter.php(933): App\Controllers\TpPublisher->tpPublisherDetails()
 5 SYSTEMPATH\CodeIgniter.php(509): CodeIgniter\CodeIgniter->runController(Object(App\Controllers\TpPublisher))
 6 SYSTEMPATH\CodeIgniter.php(355): CodeIgniter\CodeIgniter->handleRequest(null, Object(Config\Cache), false)
 7 SYSTEMPATH\Boot.php(334): CodeIgniter\CodeIgniter->run()
 8 SYSTEMPATH\Boot.php(67): CodeIgniter\Boot::runCodeIgniter(Object(CodeIgniter\CodeIgniter))
 9 FCPATH\index.php(56): CodeIgniter\Boot::bootWeb(Object(Config\Paths))
10 SYSTEMPATH\rewrite.php(44): require_once('E:\\codeigniter 4\\adminv4\\public\\index.php')
DEBUG - 2025-07-15 04:49:01 --> Session: Class initialized using 'CodeIgniter\Session\Handlers\FileHandler' driver.
DEBUG - 2025-07-15 04:49:50 --> Session: Class initialized using 'CodeIgniter\Session\Handlers\FileHandler' driver.
DEBUG - 2025-07-15 04:53:56 --> Session: Class initialized using 'CodeIgniter\Session\Handlers\FileHandler' driver.
DEBUG - 2025-07-15 04:55:32 --> Session: Class initialized using 'CodeIgniter\Session\Handlers\FileHandler' driver.
DEBUG - 2025-07-15 04:55:38 --> Session: Class initialized using 'CodeIgniter\Session\Handlers\FileHandler' driver.
DEBUG - 2025-07-15 04:55:39 --> Session: Class initialized using 'CodeIgniter\Session\Handlers\FileHandler' driver.
DEBUG - 2025-07-15 04:55:47 --> Session: Class initialized using 'CodeIgniter\Session\Handlers\FileHandler' driver.
DEBUG - 2025-07-15 04:55:49 --> Session: Class initialized using 'CodeIgniter\Session\Handlers\FileHandler' driver.
DEBUG - 2025-07-15 04:56:53 --> Session: Class initialized using 'CodeIgniter\Session\Handlers\FileHandler' driver.
DEBUG - 2025-07-15 05:00:27 --> Session: Class initialized using 'CodeIgniter\Session\Handlers\FileHandler' driver.
DEBUG - 2025-07-15 05:06:16 --> Session: Class initialized using 'CodeIgniter\Session\Handlers\FileHandler' driver.
DEBUG - 2025-07-15 05:07:15 --> Session: Class initialized using 'CodeIgniter\Session\Handlers\FileHandler' driver.
DEBUG - 2025-07-15 05:08:19 --> Session: Class initialized using 'CodeIgniter\Session\Handlers\FileHandler' driver.
DEBUG - 2025-07-15 05:09:01 --> Session: Class initialized using 'CodeIgniter\Session\Handlers\FileHandler' driver.
DEBUG - 2025-07-15 05:11:06 --> Session: Class initialized using 'CodeIgniter\Session\Handlers\FileHandler' driver.
DEBUG - 2025-07-15 05:15:06 --> Session: Class initialized using 'CodeIgniter\Session\Handlers\FileHandler' driver.
DEBUG - 2025-07-15 05:15:10 --> Session: Class initialized using 'CodeIgniter\Session\Handlers\FileHandler' driver.
DEBUG - 2025-07-15 05:15:43 --> Session: Class initialized using 'CodeIgniter\Session\Handlers\FileHandler' driver.
DEBUG - 2025-07-15 05:15:44 --> Session: Class initialized using 'CodeIgniter\Session\Handlers\FileHandler' driver.
DEBUG - 2025-07-15 05:19:15 --> Session: Class initialized using 'CodeIgniter\Session\Handlers\FileHandler' driver.
DEBUG - 2025-07-15 05:20:51 --> Session: Class initialized using 'CodeIgniter\Session\Handlers\FileHandler' driver.
CRITICAL - 2025-07-15 05:20:51 --> RuntimeException: View themes, no current section.
[Method: GET, Route: tppublisher/tppublisherdetails]
in SYSTEMPATH\View\View.php on line 442.
 1 APPPATH\Views\Tppublisher\tppublisherdetails.php(32): CodeIgniter\View\View->endSection()
 2 SYSTEMPATH\View\View.php(234): include('E:\\codeigniter 4\\adminv4\\app\\Views\\Tppublisher\\tppublisherdetails.php')
 3 SYSTEMPATH\View\View.php(237): CodeIgniter\View\View->CodeIgniter\View\{closure}()
 4 SYSTEMPATH\Common.php(1171): CodeIgniter\View\View->render('tppublisher/tppublisherdetails', [], true)
 5 APPPATH\Controllers\TpPublisher.php(42): view('tppublisher/tppublisherdetails', [...])
 6 SYSTEMPATH\CodeIgniter.php(933): App\Controllers\TpPublisher->tpPublisherDetails()
 7 SYSTEMPATH\CodeIgniter.php(509): CodeIgniter\CodeIgniter->runController(Object(App\Controllers\TpPublisher))
 8 SYSTEMPATH\CodeIgniter.php(355): CodeIgniter\CodeIgniter->handleRequest(null, Object(Config\Cache), false)
 9 SYSTEMPATH\Boot.php(334): CodeIgniter\CodeIgniter->run()
10 SYSTEMPATH\Boot.php(67): CodeIgniter\Boot::runCodeIgniter(Object(CodeIgniter\CodeIgniter))
11 FCPATH\index.php(56): CodeIgniter\Boot::bootWeb(Object(Config\Paths))
12 SYSTEMPATH\rewrite.php(44): require_once('E:\\codeigniter 4\\adminv4\\public\\index.php')
DEBUG - 2025-07-15 05:21:40 --> Session: Class initialized using 'CodeIgniter\Session\Handlers\FileHandler' driver.
DEBUG - 2025-07-15 05:24:20 --> Session: Class initialized using 'CodeIgniter\Session\Handlers\FileHandler' driver.
DEBUG - 2025-07-15 05:26:05 --> Session: Class initialized using 'CodeIgniter\Session\Handlers\FileHandler' driver.
DEBUG - 2025-07-15 05:26:41 --> Session: Class initialized using 'CodeIgniter\Session\Handlers\FileHandler' driver.
DEBUG - 2025-07-15 05:26:42 --> Session: Class initialized using 'CodeIgniter\Session\Handlers\FileHandler' driver.
DEBUG - 2025-07-15 05:27:37 --> Session: Class initialized using 'CodeIgniter\Session\Handlers\FileHandler' driver.
DEBUG - 2025-07-15 05:28:14 --> Session: Class initialized using 'CodeIgniter\Session\Handlers\FileHandler' driver.
DEBUG - 2025-07-15 05:31:06 --> Session: Class initialized using 'CodeIgniter\Session\Handlers\FileHandler' driver.
DEBUG - 2025-07-15 05:31:15 --> Session: Class initialized using 'CodeIgniter\Session\Handlers\FileHandler' driver.
DEBUG - 2025-07-15 05:31:17 --> Session: Class initialized using 'CodeIgniter\Session\Handlers\FileHandler' driver.
DEBUG - 2025-07-15 05:31:19 --> Session: Class initialized using 'CodeIgniter\Session\Handlers\FileHandler' driver.
DEBUG - 2025-07-15 05:36:34 --> Session: Class initialized using 'CodeIgniter\Session\Handlers\FileHandler' driver.
DEBUG - 2025-07-15 05:36:42 --> Session: Class initialized using 'CodeIgniter\Session\Handlers\FileHandler' driver.
DEBUG - 2025-07-15 05:36:44 --> Session: Class initialized using 'CodeIgniter\Session\Handlers\FileHandler' driver.
DEBUG - 2025-07-15 05:36:54 --> Session: Class initialized using 'CodeIgniter\Session\Handlers\FileHandler' driver.
DEBUG - 2025-07-15 05:36:55 --> Session: Class initialized using 'CodeIgniter\Session\Handlers\FileHandler' driver.
DEBUG - 2025-07-15 05:37:40 --> Session: Class initialized using 'CodeIgniter\Session\Handlers\FileHandler' driver.
DEBUG - 2025-07-15 05:38:17 --> Session: Class initialized using 'CodeIgniter\Session\Handlers\FileHandler' driver.
DEBUG - 2025-07-15 05:41:51 --> Session: Class initialized using 'CodeIgniter\Session\Handlers\FileHandler' driver.
DEBUG - 2025-07-15 05:42:00 --> Session: Class initialized using 'CodeIgniter\Session\Handlers\FileHandler' driver.
DEBUG - 2025-07-15 05:42:37 --> Session: Class initialized using 'CodeIgniter\Session\Handlers\FileHandler' driver.
DEBUG - 2025-07-15 05:46:36 --> Session: Class initialized using 'CodeIgniter\Session\Handlers\FileHandler' driver.
DEBUG - 2025-07-15 05:46:40 --> Session: Class initialized using 'CodeIgniter\Session\Handlers\FileHandler' driver.
DEBUG - 2025-07-15 05:46:42 --> Session: Class initialized using 'CodeIgniter\Session\Handlers\FileHandler' driver.
DEBUG - 2025-07-15 05:49:54 --> Session: Class initialized using 'CodeIgniter\Session\Handlers\FileHandler' driver.
DEBUG - 2025-07-15 05:50:18 --> Session: Class initialized using 'CodeIgniter\Session\Handlers\FileHandler' driver.
DEBUG - 2025-07-15 05:50:50 --> Session: Class initialized using 'CodeIgniter\Session\Handlers\FileHandler' driver.
DEBUG - 2025-07-15 05:53:06 --> Session: Class initialized using 'CodeIgniter\Session\Handlers\FileHandler' driver.
DEBUG - 2025-07-15 05:53:38 --> Session: Class initialized using 'CodeIgniter\Session\Handlers\FileHandler' driver.
DEBUG - 2025-07-15 05:53:49 --> Session: Class initialized using 'CodeIgniter\Session\Handlers\FileHandler' driver.
DEBUG - 2025-07-15 05:55:07 --> Session: Class initialized using 'CodeIgniter\Session\Handlers\FileHandler' driver.
DEBUG - 2025-07-15 05:56:04 --> Session: Class initialized using 'CodeIgniter\Session\Handlers\FileHandler' driver.
DEBUG - 2025-07-15 05:57:21 --> Session: Class initialized using 'CodeIgniter\Session\Handlers\FileHandler' driver.
DEBUG - 2025-07-15 05:58:00 --> Session: Class initialized using 'CodeIgniter\Session\Handlers\FileHandler' driver.
DEBUG - 2025-07-15 06:01:14 --> Session: Class initialized using 'CodeIgniter\Session\Handlers\FileHandler' driver.
DEBUG - 2025-07-15 06:02:10 --> Session: Class initialized using 'CodeIgniter\Session\Handlers\FileHandler' driver.
DEBUG - 2025-07-15 06:04:03 --> Session: Class initialized using 'CodeIgniter\Session\Handlers\FileHandler' driver.
DEBUG - 2025-07-15 06:04:51 --> Session: Class initialized using 'CodeIgniter\Session\Handlers\FileHandler' driver.
DEBUG - 2025-07-15 06:05:07 --> Session: Class initialized using 'CodeIgniter\Session\Handlers\FileHandler' driver.
DEBUG - 2025-07-15 06:09:27 --> Session: Class initialized using 'CodeIgniter\Session\Handlers\FileHandler' driver.
DEBUG - 2025-07-15 06:11:38 --> Session: Class initialized using 'CodeIgniter\Session\Handlers\FileHandler' driver.
DEBUG - 2025-07-15 06:12:48 --> Session: Class initialized using 'CodeIgniter\Session\Handlers\FileHandler' driver.
DEBUG - 2025-07-15 06:14:03 --> Session: Class initialized using 'CodeIgniter\Session\Handlers\FileHandler' driver.
DEBUG - 2025-07-15 06:14:57 --> Session: Class initialized using 'CodeIgniter\Session\Handlers\FileHandler' driver.
DEBUG - 2025-07-15 06:16:16 --> Session: Class initialized using 'CodeIgniter\Session\Handlers\FileHandler' driver.
DEBUG - 2025-07-15 06:17:03 --> Session: Class initialized using 'CodeIgniter\Session\Handlers\FileHandler' driver.
DEBUG - 2025-07-15 06:17:23 --> Session: Class initialized using 'CodeIgniter\Session\Handlers\FileHandler' driver.
DEBUG - 2025-07-15 06:19:10 --> Session: Class initialized using 'CodeIgniter\Session\Handlers\FileHandler' driver.
DEBUG - 2025-07-15 06:19:41 --> Session: Class initialized using 'CodeIgniter\Session\Handlers\FileHandler' driver.
DEBUG - 2025-07-15 06:20:38 --> Session: Class initialized using 'CodeIgniter\Session\Handlers\FileHandler' driver.
DEBUG - 2025-07-15 06:22:13 --> Session: Class initialized using 'CodeIgniter\Session\Handlers\FileHandler' driver.
DEBUG - 2025-07-15 06:22:40 --> Session: Class initialized using 'CodeIgniter\Session\Handlers\FileHandler' driver.
DEBUG - 2025-07-15 06:22:52 --> Session: Class initialized using 'CodeIgniter\Session\Handlers\FileHandler' driver.
DEBUG - 2025-07-15 06:23:57 --> Session: Class initialized using 'CodeIgniter\Session\Handlers\FileHandler' driver.
DEBUG - 2025-07-15 06:28:09 --> Session: Class initialized using 'CodeIgniter\Session\Handlers\FileHandler' driver.
DEBUG - 2025-07-15 07:08:26 --> Session: Class initialized using 'CodeIgniter\Session\Handlers\FileHandler' driver.
CRITICAL - 2025-07-15 07:08:26 --> ErrorException: Undefined variable $orders
[Method: GET, Route: tppublisher]
in APPPATH\Views\Tppublisher\tppublisherDashboard.php on line 134.
 1 APPPATH\Views\Tppublisher\tppublisherDashboard.php(134): CodeIgniter\Debug\Exceptions->errorHandler(2, 'Undefined variable $orders', 'E:\\codeigniter 4\\adminv4\\app\\Views\\Tppublisher\\tppublisherDashboard.php', 134)
 2 SYSTEMPATH\View\View.php(234): include('E:\\codeigniter 4\\adminv4\\app\\Views\\Tppublisher\\tppublisherDashboard.php')
 3 SYSTEMPATH\View\View.php(237): CodeIgniter\View\View->CodeIgniter\View\{closure}()
 4 SYSTEMPATH\Common.php(1171): CodeIgniter\View\View->render('tppublisher/tppublisherdashboard', [], true)
 5 APPPATH\Controllers\TpPublisher.php(29): view('tppublisher/tppublisherdashboard', [...])
 6 SYSTEMPATH\CodeIgniter.php(933): App\Controllers\TpPublisher->tppublisherDashboard()
 7 SYSTEMPATH\CodeIgniter.php(509): CodeIgniter\CodeIgniter->runController(Object(App\Controllers\TpPublisher))
 8 SYSTEMPATH\CodeIgniter.php(355): CodeIgniter\CodeIgniter->handleRequest(null, Object(Config\Cache), false)
 9 SYSTEMPATH\Boot.php(334): CodeIgniter\CodeIgniter->run()
10 SYSTEMPATH\Boot.php(67): CodeIgniter\Boot::runCodeIgniter(Object(CodeIgniter\CodeIgniter))
11 FCPATH\index.php(56): CodeIgniter\Boot::bootWeb(Object(Config\Paths))
12 SYSTEMPATH\rewrite.php(44): require_once('E:\\codeigniter 4\\adminv4\\public\\index.php')
DEBUG - 2025-07-15 07:19:39 --> Session: Class initialized using 'CodeIgniter\Session\Handlers\FileHandler' driver.
DEBUG - 2025-07-15 07:20:30 --> Session: Class initialized using 'CodeIgniter\Session\Handlers\FileHandler' driver.
DEBUG - 2025-07-15 07:30:54 --> Session: Class initialized using 'CodeIgniter\Session\Handlers\FileHandler' driver.
DEBUG - 2025-07-15 07:31:35 --> Session: Class initialized using 'CodeIgniter\Session\Handlers\FileHandler' driver.
DEBUG - 2025-07-15 07:31:42 --> Session: Class initialized using 'CodeIgniter\Session\Handlers\FileHandler' driver.
DEBUG - 2025-07-15 07:32:34 --> Session: Class initialized using 'CodeIgniter\Session\Handlers\FileHandler' driver.
DEBUG - 2025-07-15 07:34:34 --> Session: Class initialized using 'CodeIgniter\Session\Handlers\FileHandler' driver.
DEBUG - 2025-07-15 07:40:20 --> Session: Class initialized using 'CodeIgniter\Session\Handlers\FileHandler' driver.
DEBUG - 2025-07-15 07:41:11 --> Session: Class initialized using 'CodeIgniter\Session\Handlers\FileHandler' driver.
DEBUG - 2025-07-15 07:41:53 --> Session: Class initialized using 'CodeIgniter\Session\Handlers\FileHandler' driver.
DEBUG - 2025-07-15 07:43:00 --> Session: Class initialized using 'CodeIgniter\Session\Handlers\FileHandler' driver.
DEBUG - 2025-07-15 07:43:35 --> Session: Class initialized using 'CodeIgniter\Session\Handlers\FileHandler' driver.
DEBUG - 2025-07-15 07:45:16 --> Session: Class initialized using 'CodeIgniter\Session\Handlers\FileHandler' driver.
DEBUG - 2025-07-15 07:45:40 --> Session: Class initialized using 'CodeIgniter\Session\Handlers\FileHandler' driver.
DEBUG - 2025-07-15 07:46:19 --> Session: Class initialized using 'CodeIgniter\Session\Handlers\FileHandler' driver.
DEBUG - 2025-07-15 07:47:29 --> Session: Class initialized using 'CodeIgniter\Session\Handlers\FileHandler' driver.
DEBUG - 2025-07-15 07:48:18 --> Session: Class initialized using 'CodeIgniter\Session\Handlers\FileHandler' driver.
DEBUG - 2025-07-15 07:49:52 --> Session: Class initialized using 'CodeIgniter\Session\Handlers\FileHandler' driver.
DEBUG - 2025-07-15 07:51:09 --> Session: Class initialized using 'CodeIgniter\Session\Handlers\FileHandler' driver.
DEBUG - 2025-07-15 07:51:28 --> Session: Class initialized using 'CodeIgniter\Session\Handlers\FileHandler' driver.
DEBUG - 2025-07-15 07:52:46 --> Session: Class initialized using 'CodeIgniter\Session\Handlers\FileHandler' driver.
DEBUG - 2025-07-15 07:53:08 --> Session: Class initialized using 'CodeIgniter\Session\Handlers\FileHandler' driver.
DEBUG - 2025-07-15 07:55:48 --> Session: Class initialized using 'CodeIgniter\Session\Handlers\FileHandler' driver.
DEBUG - 2025-07-15 07:57:14 --> Session: Class initialized using 'CodeIgniter\Session\Handlers\FileHandler' driver.
DEBUG - 2025-07-15 08:11:22 --> Session: Class initialized using 'CodeIgniter\Session\Handlers\FileHandler' driver.
DEBUG - 2025-07-15 08:12:41 --> Session: Class initialized using 'CodeIgniter\Session\Handlers\FileHandler' driver.
DEBUG - 2025-07-15 08:13:29 --> Session: Class initialized using 'CodeIgniter\Session\Handlers\FileHandler' driver.
DEBUG - 2025-07-15 08:16:53 --> Session: Class initialized using 'CodeIgniter\Session\Handlers\FileHandler' driver.
DEBUG - 2025-07-15 08:17:22 --> Session: Class initialized using 'CodeIgniter\Session\Handlers\FileHandler' driver.
DEBUG - 2025-07-15 08:18:30 --> Session: Class initialized using 'CodeIgniter\Session\Handlers\FileHandler' driver.
DEBUG - 2025-07-15 08:19:32 --> Session: Class initialized using 'CodeIgniter\Session\Handlers\FileHandler' driver.
DEBUG - 2025-07-15 08:22:49 --> Session: Class initialized using 'CodeIgniter\Session\Handlers\FileHandler' driver.
DEBUG - 2025-07-15 08:24:50 --> Session: Class initialized using 'CodeIgniter\Session\Handlers\FileHandler' driver.
DEBUG - 2025-07-15 08:25:41 --> Session: Class initialized using 'CodeIgniter\Session\Handlers\FileHandler' driver.
DEBUG - 2025-07-15 08:26:14 --> Session: Class initialized using 'CodeIgniter\Session\Handlers\FileHandler' driver.
DEBUG - 2025-07-15 08:26:48 --> Session: Class initialized using 'CodeIgniter\Session\Handlers\FileHandler' driver.
DEBUG - 2025-07-15 08:28:44 --> Session: Class initialized using 'CodeIgniter\Session\Handlers\FileHandler' driver.
DEBUG - 2025-07-15 08:29:04 --> Session: Class initialized using 'CodeIgniter\Session\Handlers\FileHandler' driver.
DEBUG - 2025-07-15 09:26:30 --> Session: Class initialized using 'CodeIgniter\Session\Handlers\FileHandler' driver.
DEBUG - 2025-07-15 09:27:17 --> Session: Class initialized using 'CodeIgniter\Session\Handlers\FileHandler' driver.
ERROR - 2025-07-15 09:27:17 --> mysqli_sql_exception: Table 'pustaka.tp_publisher_stock' doesn't exist in E:\codeigniter 4\adminv4\system\Database\MySQLi\Connection.php:312
Stack trace:
#0 E:\codeigniter 4\adminv4\system\Database\MySQLi\Connection.php(312): mysqli->query('SELECT SUM(`boo...', 0)
#1 E:\codeigniter 4\adminv4\system\Database\BaseConnection.php(734): CodeIgniter\Database\MySQLi\Connection->execute('SELECT SUM(`boo...')
#2 E:\codeigniter 4\adminv4\system\Database\BaseConnection.php(648): CodeIgniter\Database\BaseConnection->simpleQuery('SELECT SUM(`boo...')
#3 E:\codeigniter 4\adminv4\system\Database\BaseBuilder.php(1644): CodeIgniter\Database\BaseConnection->query('SELECT SUM(`boo...', Array, false)
#4 E:\codeigniter 4\adminv4\app\Models\TpPublisherModel.php(55): CodeIgniter\Database\BaseBuilder->get()
#5 E:\codeigniter 4\adminv4\app\Controllers\TpPublisher.php(26): App\Models\TpPublisherModel->countData()
#6 E:\codeigniter 4\adminv4\system\CodeIgniter.php(933): App\Controllers\TpPublisher->tppublisherDashboard()
#7 E:\codeigniter 4\adminv4\system\CodeIgniter.php(509): CodeIgniter\CodeIgniter->runController(Object(App\Controllers\TpPublisher))
#8 E:\codeigniter 4\adminv4\system\CodeIgniter.php(355): CodeIgniter\CodeIgniter->handleRequest(NULL, Object(Config\Cache), false)
#9 E:\codeigniter 4\adminv4\system\Boot.php(334): CodeIgniter\CodeIgniter->run()
#10 E:\codeigniter 4\adminv4\system\Boot.php(67): CodeIgniter\Boot::runCodeIgniter(Object(CodeIgniter\CodeIgniter))
#11 E:\codeigniter 4\adminv4\public\index.php(56): CodeIgniter\Boot::bootWeb(Object(Config\Paths))
#12 E:\codeigniter 4\adminv4\system\rewrite.php(44): require_once('E:\\codeigniter ...')
#13 {main}
CRITICAL - 2025-07-15 09:27:17 --> CodeIgniter\Database\Exceptions\DatabaseException: Table 'pustaka.tp_publisher_stock' doesn't exist
[Method: GET, Route: tppublisher]
in SYSTEMPATH\Database\BaseConnection.php on line 688.
 1 SYSTEMPATH\Database\BaseBuilder.php(1644): CodeIgniter\Database\BaseConnection->query('SELECT SUM(`book_quantity`) AS `book_quantity`
FROM `tp_publisher_stock`', [], false)
 2 APPPATH\Models\TpPublisherModel.php(55): CodeIgniter\Database\BaseBuilder->get()
 3 APPPATH\Controllers\TpPublisher.php(26): App\Models\TpPublisherModel->countData()
 4 SYSTEMPATH\CodeIgniter.php(933): App\Controllers\TpPublisher->tppublisherDashboard()
 5 SYSTEMPATH\CodeIgniter.php(509): CodeIgniter\CodeIgniter->runController(Object(App\Controllers\TpPublisher))
 6 SYSTEMPATH\CodeIgniter.php(355): CodeIgniter\CodeIgniter->handleRequest(null, Object(Config\Cache), false)
 7 SYSTEMPATH\Boot.php(334): CodeIgniter\CodeIgniter->run()
 8 SYSTEMPATH\Boot.php(67): CodeIgniter\Boot::runCodeIgniter(Object(CodeIgniter\CodeIgniter))
 9 FCPATH\index.php(56): CodeIgniter\Boot::bootWeb(Object(Config\Paths))
10 SYSTEMPATH\rewrite.php(44): require_once('E:\\codeigniter 4\\adminv4\\public\\index.php')
CRITICAL - 2025-07-15 09:27:17 --> [Caused by] CodeIgniter\Database\Exceptions\DatabaseException: Table 'pustaka.tp_publisher_stock' doesn't exist
in SYSTEMPATH\Database\MySQLi\Connection.php on line 317.
 1 SYSTEMPATH\Database\BaseConnection.php(734): CodeIgniter\Database\MySQLi\Connection->execute('SELECT SUM(`book_quantity`) AS `book_quantity`
FROM `tp_publisher_stock`')
 2 SYSTEMPATH\Database\BaseConnection.php(648): CodeIgniter\Database\BaseConnection->simpleQuery('SELECT SUM(`book_quantity`) AS `book_quantity`
FROM `tp_publisher_stock`')
 3 SYSTEMPATH\Database\BaseBuilder.php(1644): CodeIgniter\Database\BaseConnection->query('SELECT SUM(`book_quantity`) AS `book_quantity`
FROM `tp_publisher_stock`', [], false)
 4 APPPATH\Models\TpPublisherModel.php(55): CodeIgniter\Database\BaseBuilder->get()
 5 APPPATH\Controllers\TpPublisher.php(26): App\Models\TpPublisherModel->countData()
 6 SYSTEMPATH\CodeIgniter.php(933): App\Controllers\TpPublisher->tppublisherDashboard()
 7 SYSTEMPATH\CodeIgniter.php(509): CodeIgniter\CodeIgniter->runController(Object(App\Controllers\TpPublisher))
 8 SYSTEMPATH\CodeIgniter.php(355): CodeIgniter\CodeIgniter->handleRequest(null, Object(Config\Cache), false)
 9 SYSTEMPATH\Boot.php(334): CodeIgniter\CodeIgniter->run()
10 SYSTEMPATH\Boot.php(67): CodeIgniter\Boot::runCodeIgniter(Object(CodeIgniter\CodeIgniter))
11 FCPATH\index.php(56): CodeIgniter\Boot::bootWeb(Object(Config\Paths))
12 SYSTEMPATH\rewrite.php(44): require_once('E:\\codeigniter 4\\adminv4\\public\\index.php')
CRITICAL - 2025-07-15 09:27:17 --> [Caused by] mysqli_sql_exception: Table 'pustaka.tp_publisher_stock' doesn't exist
in SYSTEMPATH\Database\MySQLi\Connection.php on line 312.
 1 SYSTEMPATH\Database\MySQLi\Connection.php(312): mysqli->query('SELECT SUM(`book_quantity`) AS `book_quantity`
FROM `tp_publisher_stock`', 0)
 2 SYSTEMPATH\Database\BaseConnection.php(734): CodeIgniter\Database\MySQLi\Connection->execute('SELECT SUM(`book_quantity`) AS `book_quantity`
FROM `tp_publisher_stock`')
 3 SYSTEMPATH\Database\BaseConnection.php(648): CodeIgniter\Database\BaseConnection->simpleQuery('SELECT SUM(`book_quantity`) AS `book_quantity`
FROM `tp_publisher_stock`')
 4 SYSTEMPATH\Database\BaseBuilder.php(1644): CodeIgniter\Database\BaseConnection->query('SELECT SUM(`book_quantity`) AS `book_quantity`
FROM `tp_publisher_stock`', [], false)
 5 APPPATH\Models\TpPublisherModel.php(55): CodeIgniter\Database\BaseBuilder->get()
 6 APPPATH\Controllers\TpPublisher.php(26): App\Models\TpPublisherModel->countData()
 7 SYSTEMPATH\CodeIgniter.php(933): App\Controllers\TpPublisher->tppublisherDashboard()
 8 SYSTEMPATH\CodeIgniter.php(509): CodeIgniter\CodeIgniter->runController(Object(App\Controllers\TpPublisher))
 9 SYSTEMPATH\CodeIgniter.php(355): CodeIgniter\CodeIgniter->handleRequest(null, Object(Config\Cache), false)
10 SYSTEMPATH\Boot.php(334): CodeIgniter\CodeIgniter->run()
11 SYSTEMPATH\Boot.php(67): CodeIgniter\Boot::runCodeIgniter(Object(CodeIgniter\CodeIgniter))
12 FCPATH\index.php(56): CodeIgniter\Boot::bootWeb(Object(Config\Paths))
13 SYSTEMPATH\rewrite.php(44): require_once('E:\\codeigniter 4\\adminv4\\public\\index.php')
DEBUG - 2025-07-15 09:28:01 --> Session: Class initialized using 'CodeIgniter\Session\Handlers\FileHandler' driver.
DEBUG - 2025-07-15 09:30:23 --> Session: Class initialized using 'CodeIgniter\Session\Handlers\FileHandler' driver.
DEBUG - 2025-07-15 09:30:57 --> Session: Class initialized using 'CodeIgniter\Session\Handlers\FileHandler' driver.
DEBUG - 2025-07-15 09:31:20 --> Session: Class initialized using 'CodeIgniter\Session\Handlers\FileHandler' driver.
DEBUG - 2025-07-15 09:32:50 --> Session: Class initialized using 'CodeIgniter\Session\Handlers\FileHandler' driver.
DEBUG - 2025-07-15 09:34:56 --> Session: Class initialized using 'CodeIgniter\Session\Handlers\FileHandler' driver.
DEBUG - 2025-07-15 09:37:25 --> Session: Class initialized using 'CodeIgniter\Session\Handlers\FileHandler' driver.
DEBUG - 2025-07-15 09:52:49 --> Session: Class initialized using 'CodeIgniter\Session\Handlers\FileHandler' driver.
CRITICAL - 2025-07-15 09:52:49 --> ErrorException: Undefined array key "stock_in_hand"
[Method: GET, Route: tppublisher]
in APPPATH\Views\Tppublisher\tppublisherDashboard.php on line 134.
 1 APPPATH\Views\Tppublisher\tppublisherDashboard.php(134): CodeIgniter\Debug\Exceptions->errorHandler(2, 'Undefined array key "stock_in_hand"', 'E:\\codeigniter 4\\adminv4\\app\\Views\\Tppublisher\\tppublisherDashboard.php', 134)
 2 SYSTEMPATH\View\View.php(234): include('E:\\codeigniter 4\\adminv4\\app\\Views\\Tppublisher\\tppublisherDashboard.php')
 3 SYSTEMPATH\View\View.php(237): CodeIgniter\View\View->CodeIgniter\View\{closure}()
 4 SYSTEMPATH\Common.php(1171): CodeIgniter\View\View->render('tppublisher/tppublisherdashboard', [], true)
 5 APPPATH\Controllers\TpPublisher.php(31): view('tppublisher/tppublisherdashboard', [...])
 6 SYSTEMPATH\CodeIgniter.php(933): App\Controllers\TpPublisher->tppublisherDashboard()
 7 SYSTEMPATH\CodeIgniter.php(509): CodeIgniter\CodeIgniter->runController(Object(App\Controllers\TpPublisher))
 8 SYSTEMPATH\CodeIgniter.php(355): CodeIgniter\CodeIgniter->handleRequest(null, Object(Config\Cache), false)
 9 SYSTEMPATH\Boot.php(334): CodeIgniter\CodeIgniter->run()
10 SYSTEMPATH\Boot.php(67): CodeIgniter\Boot::runCodeIgniter(Object(CodeIgniter\CodeIgniter))
11 FCPATH\index.php(56): CodeIgniter\Boot::bootWeb(Object(Config\Paths))
12 SYSTEMPATH\rewrite.php(44): require_once('E:\\codeigniter 4\\adminv4\\public\\index.php')
DEBUG - 2025-07-15 09:53:43 --> Session: Class initialized using 'CodeIgniter\Session\Handlers\FileHandler' driver.
CRITICAL - 2025-07-15 09:53:43 --> ErrorException: Undefined array key "Stock Out"
[Method: GET, Route: tppublisher]
in APPPATH\Views\Tppublisher\tppublisherDashboard.php on line 137.
 1 APPPATH\Views\Tppublisher\tppublisherDashboard.php(137): CodeIgniter\Debug\Exceptions->errorHandler(2, 'Undefined array key "Stock Out"', 'E:\\codeigniter 4\\adminv4\\app\\Views\\Tppublisher\\tppublisherDashboard.php', 137)
 2 SYSTEMPATH\View\View.php(234): include('E:\\codeigniter 4\\adminv4\\app\\Views\\Tppublisher\\tppublisherDashboard.php')
 3 SYSTEMPATH\View\View.php(237): CodeIgniter\View\View->CodeIgniter\View\{closure}()
 4 SYSTEMPATH\Common.php(1171): CodeIgniter\View\View->render('tppublisher/tppublisherdashboard', [], true)
 5 APPPATH\Controllers\TpPublisher.php(31): view('tppublisher/tppublisherdashboard', [...])
 6 SYSTEMPATH\CodeIgniter.php(933): App\Controllers\TpPublisher->tppublisherDashboard()
 7 SYSTEMPATH\CodeIgniter.php(509): CodeIgniter\CodeIgniter->runController(Object(App\Controllers\TpPublisher))
 8 SYSTEMPATH\CodeIgniter.php(355): CodeIgniter\CodeIgniter->handleRequest(null, Object(Config\Cache), false)
 9 SYSTEMPATH\Boot.php(334): CodeIgniter\CodeIgniter->run()
10 SYSTEMPATH\Boot.php(67): CodeIgniter\Boot::runCodeIgniter(Object(CodeIgniter\CodeIgniter))
11 FCPATH\index.php(56): CodeIgniter\Boot::bootWeb(Object(Config\Paths))
12 SYSTEMPATH\rewrite.php(44): require_once('E:\\codeigniter 4\\adminv4\\public\\index.php')
DEBUG - 2025-07-15 09:54:08 --> Session: Class initialized using 'CodeIgniter\Session\Handlers\FileHandler' driver.
DEBUG - 2025-07-15 09:56:09 --> Session: Class initialized using 'CodeIgniter\Session\Handlers\FileHandler' driver.
DEBUG - 2025-07-15 10:04:12 --> Session: Class initialized using 'CodeIgniter\Session\Handlers\FileHandler' driver.
DEBUG - 2025-07-15 10:08:50 --> Session: Class initialized using 'CodeIgniter\Session\Handlers\FileHandler' driver.
DEBUG - 2025-07-15 10:09:11 --> Session: Class initialized using 'CodeIgniter\Session\Handlers\FileHandler' driver.
DEBUG - 2025-07-15 10:12:04 --> Session: Class initialized using 'CodeIgniter\Session\Handlers\FileHandler' driver.
DEBUG - 2025-07-15 10:12:34 --> Session: Class initialized using 'CodeIgniter\Session\Handlers\FileHandler' driver.
DEBUG - 2025-07-15 10:14:57 --> Session: Class initialized using 'CodeIgniter\Session\Handlers\FileHandler' driver.
DEBUG - 2025-07-15 10:15:38 --> Session: Class initialized using 'CodeIgniter\Session\Handlers\FileHandler' driver.
DEBUG - 2025-07-15 10:16:07 --> Session: Class initialized using 'CodeIgniter\Session\Handlers\FileHandler' driver.
DEBUG - 2025-07-15 10:18:07 --> Session: Class initialized using 'CodeIgniter\Session\Handlers\FileHandler' driver.
DEBUG - 2025-07-15 10:19:42 --> Session: Class initialized using 'CodeIgniter\Session\Handlers\FileHandler' driver.
DEBUG - 2025-07-15 10:20:19 --> Session: Class initialized using 'CodeIgniter\Session\Handlers\FileHandler' driver.
DEBUG - 2025-07-15 10:20:36 --> Session: Class initialized using 'CodeIgniter\Session\Handlers\FileHandler' driver.
DEBUG - 2025-07-15 10:21:28 --> Session: Class initialized using 'CodeIgniter\Session\Handlers\FileHandler' driver.
DEBUG - 2025-07-15 10:21:56 --> Session: Class initialized using 'CodeIgniter\Session\Handlers\FileHandler' driver.
DEBUG - 2025-07-15 10:22:38 --> Session: Class initialized using 'CodeIgniter\Session\Handlers\FileHandler' driver.
DEBUG - 2025-07-15 10:25:18 --> Session: Class initialized using 'CodeIgniter\Session\Handlers\FileHandler' driver.
DEBUG - 2025-07-15 10:26:00 --> Session: Class initialized using 'CodeIgniter\Session\Handlers\FileHandler' driver.
DEBUG - 2025-07-15 10:28:12 --> Session: Class initialized using 'CodeIgniter\Session\Handlers\FileHandler' driver.
DEBUG - 2025-07-15 10:28:20 --> Session: Class initialized using 'CodeIgniter\Session\Handlers\FileHandler' driver.
DEBUG - 2025-07-15 10:34:06 --> Session: Class initialized using 'CodeIgniter\Session\Handlers\FileHandler' driver.
CRITICAL - 2025-07-15 10:34:06 --> ParseError: syntax error, unexpected end of file
[Method: GET, Route: tppublisher/tppublisherdetails]
in APPPATH\Views\Tppublisher\tppublisherdetails.php on line 129.
 1 SYSTEMPATH\View\View.php(237): CodeIgniter\View\View->CodeIgniter\View\{closure}()
 2 SYSTEMPATH\Common.php(1171): CodeIgniter\View\View->render('tppublisher/tppublisherdetails', [], true)
 3 APPPATH\Controllers\TpPublisher.php(44): view('tppublisher/tppublisherdetails', [...])
 4 SYSTEMPATH\CodeIgniter.php(933): App\Controllers\TpPublisher->tpPublisherDetails()
 5 SYSTEMPATH\CodeIgniter.php(509): CodeIgniter\CodeIgniter->runController(Object(App\Controllers\TpPublisher))
 6 SYSTEMPATH\CodeIgniter.php(355): CodeIgniter\CodeIgniter->handleRequest(null, Object(Config\Cache), false)
 7 SYSTEMPATH\Boot.php(334): CodeIgniter\CodeIgniter->run()
 8 SYSTEMPATH\Boot.php(67): CodeIgniter\Boot::runCodeIgniter(Object(CodeIgniter\CodeIgniter))
 9 FCPATH\index.php(56): CodeIgniter\Boot::bootWeb(Object(Config\Paths))
10 SYSTEMPATH\rewrite.php(44): require_once('E:\\codeigniter 4\\adminv4\\public\\index.php')
DEBUG - 2025-07-15 10:35:19 --> Session: Class initialized using 'CodeIgniter\Session\Handlers\FileHandler' driver.
DEBUG - 2025-07-15 10:35:26 --> Session: Class initialized using 'CodeIgniter\Session\Handlers\FileHandler' driver.
DEBUG - 2025-07-15 10:35:38 --> Session: Class initialized using 'CodeIgniter\Session\Handlers\FileHandler' driver.
DEBUG - 2025-07-15 10:37:29 --> Session: Class initialized using 'CodeIgniter\Session\Handlers\FileHandler' driver.
DEBUG - 2025-07-15 10:38:06 --> Session: Class initialized using 'CodeIgniter\Session\Handlers\FileHandler' driver.
DEBUG - 2025-07-15 10:39:09 --> Session: Class initialized using 'CodeIgniter\Session\Handlers\FileHandler' driver.
DEBUG - 2025-07-15 10:41:09 --> Session: Class initialized using 'CodeIgniter\Session\Handlers\FileHandler' driver.
DEBUG - 2025-07-15 10:44:16 --> Session: Class initialized using 'CodeIgniter\Session\Handlers\FileHandler' driver.
DEBUG - 2025-07-15 10:44:53 --> Session: Class initialized using 'CodeIgniter\Session\Handlers\FileHandler' driver.
DEBUG - 2025-07-15 10:45:24 --> Session: Class initialized using 'CodeIgniter\Session\Handlers\FileHandler' driver.
DEBUG - 2025-07-15 10:46:34 --> Session: Class initialized using 'CodeIgniter\Session\Handlers\FileHandler' driver.
DEBUG - 2025-07-15 10:48:32 --> Session: Class initialized using 'CodeIgniter\Session\Handlers\FileHandler' driver.
DEBUG - 2025-07-15 10:49:31 --> Session: Class initialized using 'CodeIgniter\Session\Handlers\FileHandler' driver.
DEBUG - 2025-07-15 10:50:48 --> Session: Class initialized using 'CodeIgniter\Session\Handlers\FileHandler' driver.
DEBUG - 2025-07-15 10:51:34 --> Session: Class initialized using 'CodeIgniter\Session\Handlers\FileHandler' driver.
DEBUG - 2025-07-15 10:52:03 --> Session: Class initialized using 'CodeIgniter\Session\Handlers\FileHandler' driver.
DEBUG - 2025-07-15 10:53:34 --> Session: Class initialized using 'CodeIgniter\Session\Handlers\FileHandler' driver.
DEBUG - 2025-07-15 10:53:59 --> Session: Class initialized using 'CodeIgniter\Session\Handlers\FileHandler' driver.
DEBUG - 2025-07-15 11:11:36 --> Session: Class initialized using 'CodeIgniter\Session\Handlers\FileHandler' driver.
DEBUG - 2025-07-15 11:11:40 --> Session: Class initialized using 'CodeIgniter\Session\Handlers\FileHandler' driver.
DEBUG - 2025-07-15 11:12:47 --> Session: Class initialized using 'CodeIgniter\Session\Handlers\FileHandler' driver.
DEBUG - 2025-07-15 11:12:51 --> Session: Class initialized using 'CodeIgniter\Session\Handlers\FileHandler' driver.
CRITICAL - 2025-07-15 11:12:51 --> ErrorException: Undefined variable $title
[Method: GET, Route: tppublisher/tppublisherview]
in APPPATH\Views\partials\breadcrumb.php on line 2.
 1 APPPATH\Views\partials\breadcrumb.php(2): CodeIgniter\Debug\Exceptions->errorHandler(2, 'Undefined variable $title', 'E:\\codeigniter 4\\adminv4\\app\\Views\\partials\\breadcrumb.php', 2)
 2 SYSTEMPATH\View\View.php(234): include('E:\\codeigniter 4\\adminv4\\app\\Views\\partials\\breadcrumb.php')
 3 SYSTEMPATH\View\View.php(237): CodeIgniter\View\View->CodeIgniter\View\{closure}()
 4 SYSTEMPATH\View\View.php(487): CodeIgniter\View\View->render('partials/breadcrumb', null, true)
 5 APPPATH\Views\layout\layout1.php(18): CodeIgniter\View\View->include('partials/breadcrumb')
 6 SYSTEMPATH\View\View.php(234): include('E:\\codeigniter 4\\adminv4\\app\\Views\\layout\\layout1.php')
 7 SYSTEMPATH\View\View.php(237): CodeIgniter\View\View->CodeIgniter\View\{closure}()
 8 SYSTEMPATH\View\View.php(250): CodeIgniter\View\View->render('layout/layout1', [], true)
 9 SYSTEMPATH\Common.php(1171): CodeIgniter\View\View->render('tppublisher/tpPublisherAdd', [], true)
10 APPPATH\Controllers\TpPublisher.php(68): view('tppublisher/tpPublisherAdd')
11 SYSTEMPATH\CodeIgniter.php(933): App\Controllers\TpPublisher->tpPublisherView()
12 SYSTEMPATH\CodeIgniter.php(509): CodeIgniter\CodeIgniter->runController(Object(App\Controllers\TpPublisher))
13 SYSTEMPATH\CodeIgniter.php(355): CodeIgniter\CodeIgniter->handleRequest(null, Object(Config\Cache), false)
14 SYSTEMPATH\Boot.php(334): CodeIgniter\CodeIgniter->run()
15 SYSTEMPATH\Boot.php(67): CodeIgniter\Boot::runCodeIgniter(Object(CodeIgniter\CodeIgniter))
16 FCPATH\index.php(56): CodeIgniter\Boot::bootWeb(Object(Config\Paths))
17 SYSTEMPATH\rewrite.php(44): require_once('E:\\codeigniter 4\\adminv4\\public\\index.php')
DEBUG - 2025-07-15 11:14:38 --> Session: Class initialized using 'CodeIgniter\Session\Handlers\FileHandler' driver.
CRITICAL - 2025-07-15 11:14:38 --> ErrorException: Undefined variable $title
[Method: GET, Route: tppublisher/tppublisherview]
in APPPATH\Views\partials\breadcrumb.php on line 2.
 1 APPPATH\Views\partials\breadcrumb.php(2): CodeIgniter\Debug\Exceptions->errorHandler(2, 'Undefined variable $title', 'E:\\codeigniter 4\\adminv4\\app\\Views\\partials\\breadcrumb.php', 2)
 2 SYSTEMPATH\View\View.php(234): include('E:\\codeigniter 4\\adminv4\\app\\Views\\partials\\breadcrumb.php')
 3 SYSTEMPATH\View\View.php(237): CodeIgniter\View\View->CodeIgniter\View\{closure}()
 4 SYSTEMPATH\View\View.php(487): CodeIgniter\View\View->render('partials/breadcrumb', null, true)
 5 APPPATH\Views\layout\layout1.php(18): CodeIgniter\View\View->include('partials/breadcrumb')
 6 SYSTEMPATH\View\View.php(234): include('E:\\codeigniter 4\\adminv4\\app\\Views\\layout\\layout1.php')
 7 SYSTEMPATH\View\View.php(237): CodeIgniter\View\View->CodeIgniter\View\{closure}()
 8 SYSTEMPATH\View\View.php(250): CodeIgniter\View\View->render('layout/layout1', [], true)
 9 SYSTEMPATH\Common.php(1171): CodeIgniter\View\View->render('tppublisher/tpPublisherAdd', [], true)
10 APPPATH\Controllers\TpPublisher.php(72): view('tppublisher/tpPublisherAdd')
11 SYSTEMPATH\CodeIgniter.php(933): App\Controllers\TpPublisher->tpPublisherView()
12 SYSTEMPATH\CodeIgniter.php(509): CodeIgniter\CodeIgniter->runController(Object(App\Controllers\TpPublisher))
13 SYSTEMPATH\CodeIgniter.php(355): CodeIgniter\CodeIgniter->handleRequest(null, Object(Config\Cache), false)
14 SYSTEMPATH\Boot.php(334): CodeIgniter\CodeIgniter->run()
15 SYSTEMPATH\Boot.php(67): CodeIgniter\Boot::runCodeIgniter(Object(CodeIgniter\CodeIgniter))
16 FCPATH\index.php(56): CodeIgniter\Boot::bootWeb(Object(Config\Paths))
17 SYSTEMPATH\rewrite.php(44): require_once('E:\\codeigniter 4\\adminv4\\public\\index.php')
DEBUG - 2025-07-15 11:15:49 --> Session: Class initialized using 'CodeIgniter\Session\Handlers\FileHandler' driver.
DEBUG - 2025-07-15 11:18:14 --> Session: Class initialized using 'CodeIgniter\Session\Handlers\FileHandler' driver.
DEBUG - 2025-07-15 11:20:48 --> Session: Class initialized using 'CodeIgniter\Session\Handlers\FileHandler' driver.
DEBUG - 2025-07-15 11:21:25 --> Session: Class initialized using 'CodeIgniter\Session\Handlers\FileHandler' driver.
DEBUG - 2025-07-15 11:22:55 --> Session: Class initialized using 'CodeIgniter\Session\Handlers\FileHandler' driver.
DEBUG - 2025-07-15 11:25:11 --> Session: Class initialized using 'CodeIgniter\Session\Handlers\FileHandler' driver.
DEBUG - 2025-07-15 11:29:48 --> Session: Class initialized using 'CodeIgniter\Session\Handlers\FileHandler' driver.
DEBUG - 2025-07-15 11:29:56 --> Session: Class initialized using 'CodeIgniter\Session\Handlers\FileHandler' driver.
DEBUG - 2025-07-15 11:30:00 --> Session: Class initialized using 'CodeIgniter\Session\Handlers\FileHandler' driver.
DEBUG - 2025-07-15 11:30:24 --> Session: Class initialized using 'CodeIgniter\Session\Handlers\FileHandler' driver.
DEBUG - 2025-07-15 11:30:43 --> Session: Class initialized using 'CodeIgniter\Session\Handlers\FileHandler' driver.
DEBUG - 2025-07-15 11:31:28 --> Session: Class initialized using 'CodeIgniter\Session\Handlers\FileHandler' driver.
DEBUG - 2025-07-15 11:31:46 --> Session: Class initialized using 'CodeIgniter\Session\Handlers\FileHandler' driver.
DEBUG - 2025-07-15 11:32:32 --> Session: Class initialized using 'CodeIgniter\Session\Handlers\FileHandler' driver.
DEBUG - 2025-07-15 11:33:01 --> Session: Class initialized using 'CodeIgniter\Session\Handlers\FileHandler' driver.
DEBUG - 2025-07-15 11:33:25 --> Session: Class initialized using 'CodeIgniter\Session\Handlers\FileHandler' driver.
DEBUG - 2025-07-15 11:36:10 --> Session: Class initialized using 'CodeIgniter\Session\Handlers\FileHandler' driver.
DEBUG - 2025-07-15 11:37:44 --> Session: Class initialized using 'CodeIgniter\Session\Handlers\FileHandler' driver.
DEBUG - 2025-07-15 11:38:20 --> Session: Class initialized using 'CodeIgniter\Session\Handlers\FileHandler' driver.
DEBUG - 2025-07-15 11:39:12 --> Session: Class initialized using 'CodeIgniter\Session\Handlers\FileHandler' driver.
DEBUG - 2025-07-15 11:39:40 --> Session: Class initialized using 'CodeIgniter\Session\Handlers\FileHandler' driver.
DEBUG - 2025-07-15 11:41:31 --> Session: Class initialized using 'CodeIgniter\Session\Handlers\FileHandler' driver.
DEBUG - 2025-07-15 11:43:03 --> Session: Class initialized using 'CodeIgniter\Session\Handlers\FileHandler' driver.
DEBUG - 2025-07-15 11:43:36 --> Session: Class initialized using 'CodeIgniter\Session\Handlers\FileHandler' driver.
DEBUG - 2025-07-15 11:44:21 --> Session: Class initialized using 'CodeIgniter\Session\Handlers\FileHandler' driver.
DEBUG - 2025-07-15 11:45:17 --> Session: Class initialized using 'CodeIgniter\Session\Handlers\FileHandler' driver.
DEBUG - 2025-07-15 11:45:57 --> Session: Class initialized using 'CodeIgniter\Session\Handlers\FileHandler' driver.
DEBUG - 2025-07-15 11:47:26 --> Session: Class initialized using 'CodeIgniter\Session\Handlers\FileHandler' driver.
DEBUG - 2025-07-15 11:48:24 --> Session: Class initialized using 'CodeIgniter\Session\Handlers\FileHandler' driver.
DEBUG - 2025-07-15 11:51:59 --> Session: Class initialized using 'CodeIgniter\Session\Handlers\FileHandler' driver.
DEBUG - 2025-07-15 11:53:46 --> Session: Class initialized using 'CodeIgniter\Session\Handlers\FileHandler' driver.
DEBUG - 2025-07-15 11:54:07 --> Session: Class initialized using 'CodeIgniter\Session\Handlers\FileHandler' driver.
DEBUG - 2025-07-15 11:58:08 --> Session: Class initialized using 'CodeIgniter\Session\Handlers\FileHandler' driver.
DEBUG - 2025-07-15 12:00:54 --> Session: Class initialized using 'CodeIgniter\Session\Handlers\FileHandler' driver.
DEBUG - 2025-07-15 12:02:52 --> Session: Class initialized using 'CodeIgniter\Session\Handlers\FileHandler' driver.
