DEBUG - 2025-07-16 04:23:05 --> Session: Class initialized using 'CodeIgniter\Session\Handlers\FileHandler' driver.
ERROR - 2025-07-16 04:23:09 --> Error connecting to the database: mysqli_sql_exception: No connection could be made because the target machine actively refused it in E:\codeigniter 4\adminv4\system\Database\MySQLi\Connection.php:187
Stack trace:
#0 E:\codeigniter 4\adminv4\system\Database\MySQLi\Connection.php(187): mysqli->real_connect('localhost', 'root', '', 'pustaka', 3306, '', 0)
#1 E:\codeigniter 4\adminv4\system\Database\BaseConnection.php(421): CodeIgniter\Database\MySQLi\Connection->connect(false)
#2 E:\codeigniter 4\adminv4\system\Database\BaseConnection.php(616): CodeIgniter\Database\BaseConnection->initialize()
#3 E:\codeigniter 4\adminv4\system\Database\BaseBuilder.php(1728): CodeIgniter\Database\BaseConnection->query('SELECT COUNT(*)...', Array, false)
#4 E:\codeigniter 4\adminv4\system\Model.php(676): CodeIgniter\Database\BaseBuilder->countAllResults(false)
#5 E:\codeigniter 4\adminv4\app\Models\TpPublisherModel.php(33): CodeIgniter\Model->countAllResults(false)
#6 E:\codeigniter 4\adminv4\app\Controllers\TpPublisher.php(26): App\Models\TpPublisherModel->countData()
#7 E:\codeigniter 4\adminv4\system\CodeIgniter.php(933): App\Controllers\TpPublisher->tppublisherDashboard()
#8 E:\codeigniter 4\adminv4\system\CodeIgniter.php(509): CodeIgniter\CodeIgniter->runController(Object(App\Controllers\TpPublisher))
#9 E:\codeigniter 4\adminv4\system\CodeIgniter.php(355): CodeIgniter\CodeIgniter->handleRequest(NULL, Object(Config\Cache), false)
#10 E:\codeigniter 4\adminv4\system\Boot.php(334): CodeIgniter\CodeIgniter->run()
#11 E:\codeigniter 4\adminv4\system\Boot.php(67): CodeIgniter\Boot::runCodeIgniter(Object(CodeIgniter\CodeIgniter))
#12 E:\codeigniter 4\adminv4\public\index.php(56): CodeIgniter\Boot::bootWeb(Object(Config\Paths))
#13 E:\codeigniter 4\adminv4\system\rewrite.php(44): require_once('E:\\codeigniter ...')
#14 {main}

Next CodeIgniter\Database\Exceptions\DatabaseException: No connection could be made because the target machine actively refused it in E:\codeigniter 4\adminv4\system\Database\MySQLi\Connection.php:231
Stack trace:
#0 E:\codeigniter 4\adminv4\system\Database\BaseConnection.php(421): CodeIgniter\Database\MySQLi\Connection->connect(false)
#1 E:\codeigniter 4\adminv4\system\Database\BaseConnection.php(616): CodeIgniter\Database\BaseConnection->initialize()
#2 E:\codeigniter 4\adminv4\system\Database\BaseBuilder.php(1728): CodeIgniter\Database\BaseConnection->query('SELECT COUNT(*)...', Array, false)
#3 E:\codeigniter 4\adminv4\system\Model.php(676): CodeIgniter\Database\BaseBuilder->countAllResults(false)
#4 E:\codeigniter 4\adminv4\app\Models\TpPublisherModel.php(33): CodeIgniter\Model->countAllResults(false)
#5 E:\codeigniter 4\adminv4\app\Controllers\TpPublisher.php(26): App\Models\TpPublisherModel->countData()
#6 E:\codeigniter 4\adminv4\system\CodeIgniter.php(933): App\Controllers\TpPublisher->tppublisherDashboard()
#7 E:\codeigniter 4\adminv4\system\CodeIgniter.php(509): CodeIgniter\CodeIgniter->runController(Object(App\Controllers\TpPublisher))
#8 E:\codeigniter 4\adminv4\system\CodeIgniter.php(355): CodeIgniter\CodeIgniter->handleRequest(NULL, Object(Config\Cache), false)
#9 E:\codeigniter 4\adminv4\system\Boot.php(334): CodeIgniter\CodeIgniter->run()
#10 E:\codeigniter 4\adminv4\system\Boot.php(67): CodeIgniter\Boot::runCodeIgniter(Object(CodeIgniter\CodeIgniter))
#11 E:\codeigniter 4\adminv4\public\index.php(56): CodeIgniter\Boot::bootWeb(Object(Config\Paths))
#12 E:\codeigniter 4\adminv4\system\rewrite.php(44): require_once('E:\\codeigniter ...')
#13 {main}
CRITICAL - 2025-07-16 04:23:09 --> CodeIgniter\Database\Exceptions\DatabaseException: Unable to connect to the database.
Main connection [MySQLi]: No connection could be made because the target machine actively refused it
[Method: GET, Route: tppublisher]
in SYSTEMPATH\Database\BaseConnection.php on line 467.
 1 SYSTEMPATH\Database\BaseConnection.php(616): CodeIgniter\Database\BaseConnection->initialize()
 2 SYSTEMPATH\Database\BaseBuilder.php(1728): CodeIgniter\Database\BaseConnection->query('SELECT COUNT(*) AS `numrows`
FROM `tp_publisher_details`
WHERE `status` = :status:', [...], false)
 3 SYSTEMPATH\Model.php(676): CodeIgniter\Database\BaseBuilder->countAllResults(false)
 4 APPPATH\Models\TpPublisherModel.php(33): CodeIgniter\Model->countAllResults(false)
 5 APPPATH\Controllers\TpPublisher.php(26): App\Models\TpPublisherModel->countData()
 6 SYSTEMPATH\CodeIgniter.php(933): App\Controllers\TpPublisher->tppublisherDashboard()
 7 SYSTEMPATH\CodeIgniter.php(509): CodeIgniter\CodeIgniter->runController(Object(App\Controllers\TpPublisher))
 8 SYSTEMPATH\CodeIgniter.php(355): CodeIgniter\CodeIgniter->handleRequest(null, Object(Config\Cache), false)
 9 SYSTEMPATH\Boot.php(334): CodeIgniter\CodeIgniter->run()
10 SYSTEMPATH\Boot.php(67): CodeIgniter\Boot::runCodeIgniter(Object(CodeIgniter\CodeIgniter))
11 FCPATH\index.php(56): CodeIgniter\Boot::bootWeb(Object(Config\Paths))
12 SYSTEMPATH\rewrite.php(44): require_once('E:\\codeigniter 4\\adminv4\\public\\index.php')
DEBUG - 2025-07-16 04:23:10 --> Session: Class initialized using 'CodeIgniter\Session\Handlers\FileHandler' driver.
ERROR - 2025-07-16 04:23:14 --> Error connecting to the database: mysqli_sql_exception: No connection could be made because the target machine actively refused it in E:\codeigniter 4\adminv4\system\Database\MySQLi\Connection.php:187
Stack trace:
#0 E:\codeigniter 4\adminv4\system\Database\MySQLi\Connection.php(187): mysqli->real_connect('localhost', 'root', '', 'pustaka', 3306, '', 0)
#1 E:\codeigniter 4\adminv4\system\Database\BaseConnection.php(421): CodeIgniter\Database\MySQLi\Connection->connect(false)
#2 E:\codeigniter 4\adminv4\system\Database\BaseConnection.php(616): CodeIgniter\Database\BaseConnection->initialize()
#3 E:\codeigniter 4\adminv4\system\Database\BaseBuilder.php(1728): CodeIgniter\Database\BaseConnection->query('SELECT COUNT(*)...', Array, false)
#4 E:\codeigniter 4\adminv4\system\Model.php(676): CodeIgniter\Database\BaseBuilder->countAllResults(false)
#5 E:\codeigniter 4\adminv4\app\Models\TpPublisherModel.php(33): CodeIgniter\Model->countAllResults(false)
#6 E:\codeigniter 4\adminv4\app\Controllers\TpPublisher.php(26): App\Models\TpPublisherModel->countData()
#7 E:\codeigniter 4\adminv4\system\CodeIgniter.php(933): App\Controllers\TpPublisher->tppublisherDashboard()
#8 E:\codeigniter 4\adminv4\system\CodeIgniter.php(509): CodeIgniter\CodeIgniter->runController(Object(App\Controllers\TpPublisher))
#9 E:\codeigniter 4\adminv4\system\CodeIgniter.php(355): CodeIgniter\CodeIgniter->handleRequest(NULL, Object(Config\Cache), false)
#10 E:\codeigniter 4\adminv4\system\Boot.php(334): CodeIgniter\CodeIgniter->run()
#11 E:\codeigniter 4\adminv4\system\Boot.php(67): CodeIgniter\Boot::runCodeIgniter(Object(CodeIgniter\CodeIgniter))
#12 E:\codeigniter 4\adminv4\public\index.php(56): CodeIgniter\Boot::bootWeb(Object(Config\Paths))
#13 E:\codeigniter 4\adminv4\system\rewrite.php(44): require_once('E:\\codeigniter ...')
#14 {main}

Next CodeIgniter\Database\Exceptions\DatabaseException: No connection could be made because the target machine actively refused it in E:\codeigniter 4\adminv4\system\Database\MySQLi\Connection.php:231
Stack trace:
#0 E:\codeigniter 4\adminv4\system\Database\BaseConnection.php(421): CodeIgniter\Database\MySQLi\Connection->connect(false)
#1 E:\codeigniter 4\adminv4\system\Database\BaseConnection.php(616): CodeIgniter\Database\BaseConnection->initialize()
#2 E:\codeigniter 4\adminv4\system\Database\BaseBuilder.php(1728): CodeIgniter\Database\BaseConnection->query('SELECT COUNT(*)...', Array, false)
#3 E:\codeigniter 4\adminv4\system\Model.php(676): CodeIgniter\Database\BaseBuilder->countAllResults(false)
#4 E:\codeigniter 4\adminv4\app\Models\TpPublisherModel.php(33): CodeIgniter\Model->countAllResults(false)
#5 E:\codeigniter 4\adminv4\app\Controllers\TpPublisher.php(26): App\Models\TpPublisherModel->countData()
#6 E:\codeigniter 4\adminv4\system\CodeIgniter.php(933): App\Controllers\TpPublisher->tppublisherDashboard()
#7 E:\codeigniter 4\adminv4\system\CodeIgniter.php(509): CodeIgniter\CodeIgniter->runController(Object(App\Controllers\TpPublisher))
#8 E:\codeigniter 4\adminv4\system\CodeIgniter.php(355): CodeIgniter\CodeIgniter->handleRequest(NULL, Object(Config\Cache), false)
#9 E:\codeigniter 4\adminv4\system\Boot.php(334): CodeIgniter\CodeIgniter->run()
#10 E:\codeigniter 4\adminv4\system\Boot.php(67): CodeIgniter\Boot::runCodeIgniter(Object(CodeIgniter\CodeIgniter))
#11 E:\codeigniter 4\adminv4\public\index.php(56): CodeIgniter\Boot::bootWeb(Object(Config\Paths))
#12 E:\codeigniter 4\adminv4\system\rewrite.php(44): require_once('E:\\codeigniter ...')
#13 {main}
CRITICAL - 2025-07-16 04:23:14 --> CodeIgniter\Database\Exceptions\DatabaseException: Unable to connect to the database.
Main connection [MySQLi]: No connection could be made because the target machine actively refused it
[Method: GET, Route: tppublisher]
in SYSTEMPATH\Database\BaseConnection.php on line 467.
 1 SYSTEMPATH\Database\BaseConnection.php(616): CodeIgniter\Database\BaseConnection->initialize()
 2 SYSTEMPATH\Database\BaseBuilder.php(1728): CodeIgniter\Database\BaseConnection->query('SELECT COUNT(*) AS `numrows`
FROM `tp_publisher_details`
WHERE `status` = :status:', [...], false)
 3 SYSTEMPATH\Model.php(676): CodeIgniter\Database\BaseBuilder->countAllResults(false)
 4 APPPATH\Models\TpPublisherModel.php(33): CodeIgniter\Model->countAllResults(false)
 5 APPPATH\Controllers\TpPublisher.php(26): App\Models\TpPublisherModel->countData()
 6 SYSTEMPATH\CodeIgniter.php(933): App\Controllers\TpPublisher->tppublisherDashboard()
 7 SYSTEMPATH\CodeIgniter.php(509): CodeIgniter\CodeIgniter->runController(Object(App\Controllers\TpPublisher))
 8 SYSTEMPATH\CodeIgniter.php(355): CodeIgniter\CodeIgniter->handleRequest(null, Object(Config\Cache), false)
 9 SYSTEMPATH\Boot.php(334): CodeIgniter\CodeIgniter->run()
10 SYSTEMPATH\Boot.php(67): CodeIgniter\Boot::runCodeIgniter(Object(CodeIgniter\CodeIgniter))
11 FCPATH\index.php(56): CodeIgniter\Boot::bootWeb(Object(Config\Paths))
12 SYSTEMPATH\rewrite.php(44): require_once('E:\\codeigniter 4\\adminv4\\public\\index.php')
DEBUG - 2025-07-16 04:23:38 --> Session: Class initialized using 'CodeIgniter\Session\Handlers\FileHandler' driver.
DEBUG - 2025-07-16 04:23:46 --> Session: Class initialized using 'CodeIgniter\Session\Handlers\FileHandler' driver.
DEBUG - 2025-07-16 04:23:52 --> Session: Class initialized using 'CodeIgniter\Session\Handlers\FileHandler' driver.
DEBUG - 2025-07-16 04:33:38 --> Session: Class initialized using 'CodeIgniter\Session\Handlers\FileHandler' driver.
DEBUG - 2025-07-16 04:40:26 --> Session: Class initialized using 'CodeIgniter\Session\Handlers\FileHandler' driver.
DEBUG - 2025-07-16 04:50:01 --> Session: Class initialized using 'CodeIgniter\Session\Handlers\FileHandler' driver.
DEBUG - 2025-07-16 04:54:58 --> Session: Class initialized using 'CodeIgniter\Session\Handlers\FileHandler' driver.
DEBUG - 2025-07-16 04:56:08 --> Session: Class initialized using 'CodeIgniter\Session\Handlers\FileHandler' driver.
DEBUG - 2025-07-16 04:59:37 --> Session: Class initialized using 'CodeIgniter\Session\Handlers\FileHandler' driver.
DEBUG - 2025-07-16 05:00:07 --> Session: Class initialized using 'CodeIgniter\Session\Handlers\FileHandler' driver.
DEBUG - 2025-07-16 05:01:57 --> Session: Class initialized using 'CodeIgniter\Session\Handlers\FileHandler' driver.
DEBUG - 2025-07-16 05:02:02 --> Session: Class initialized using 'CodeIgniter\Session\Handlers\FileHandler' driver.
DEBUG - 2025-07-16 05:02:23 --> Session: Class initialized using 'CodeIgniter\Session\Handlers\FileHandler' driver.
DEBUG - 2025-07-16 05:06:20 --> Session: Class initialized using 'CodeIgniter\Session\Handlers\FileHandler' driver.
DEBUG - 2025-07-16 05:06:56 --> Session: Class initialized using 'CodeIgniter\Session\Handlers\FileHandler' driver.
DEBUG - 2025-07-16 05:20:27 --> Session: Class initialized using 'CodeIgniter\Session\Handlers\FileHandler' driver.
DEBUG - 2025-07-16 05:22:14 --> Session: Class initialized using 'CodeIgniter\Session\Handlers\FileHandler' driver.
DEBUG - 2025-07-16 05:26:48 --> Session: Class initialized using 'CodeIgniter\Session\Handlers\FileHandler' driver.
DEBUG - 2025-07-16 05:33:58 --> Session: Class initialized using 'CodeIgniter\Session\Handlers\FileHandler' driver.
DEBUG - 2025-07-16 05:34:16 --> Session: Class initialized using 'CodeIgniter\Session\Handlers\FileHandler' driver.
DEBUG - 2025-07-16 05:36:22 --> Session: Class initialized using 'CodeIgniter\Session\Handlers\FileHandler' driver.
DEBUG - 2025-07-16 05:36:33 --> Session: Class initialized using 'CodeIgniter\Session\Handlers\FileHandler' driver.
DEBUG - 2025-07-16 05:36:44 --> Session: Class initialized using 'CodeIgniter\Session\Handlers\FileHandler' driver.
DEBUG - 2025-07-16 05:36:47 --> Session: Class initialized using 'CodeIgniter\Session\Handlers\FileHandler' driver.
DEBUG - 2025-07-16 05:39:06 --> Session: Class initialized using 'CodeIgniter\Session\Handlers\FileHandler' driver.
DEBUG - 2025-07-16 05:40:08 --> Session: Class initialized using 'CodeIgniter\Session\Handlers\FileHandler' driver.
DEBUG - 2025-07-16 05:40:44 --> Session: Class initialized using 'CodeIgniter\Session\Handlers\FileHandler' driver.
DEBUG - 2025-07-16 05:44:45 --> Session: Class initialized using 'CodeIgniter\Session\Handlers\FileHandler' driver.
DEBUG - 2025-07-16 05:45:17 --> Session: Class initialized using 'CodeIgniter\Session\Handlers\FileHandler' driver.
DEBUG - 2025-07-16 05:45:19 --> Session: Class initialized using 'CodeIgniter\Session\Handlers\FileHandler' driver.
DEBUG - 2025-07-16 05:45:54 --> Session: Class initialized using 'CodeIgniter\Session\Handlers\FileHandler' driver.
DEBUG - 2025-07-16 05:45:56 --> Session: Class initialized using 'CodeIgniter\Session\Handlers\FileHandler' driver.
DEBUG - 2025-07-16 05:45:57 --> Session: Class initialized using 'CodeIgniter\Session\Handlers\FileHandler' driver.
DEBUG - 2025-07-16 06:06:38 --> Session: Class initialized using 'CodeIgniter\Session\Handlers\FileHandler' driver.
DEBUG - 2025-07-16 06:06:44 --> Session: Class initialized using 'CodeIgniter\Session\Handlers\FileHandler' driver.
DEBUG - 2025-07-16 06:06:45 --> Session: Class initialized using 'CodeIgniter\Session\Handlers\FileHandler' driver.
DEBUG - 2025-07-16 06:06:57 --> Session: Class initialized using 'CodeIgniter\Session\Handlers\FileHandler' driver.
DEBUG - 2025-07-16 06:07:19 --> Session: Class initialized using 'CodeIgniter\Session\Handlers\FileHandler' driver.
DEBUG - 2025-07-16 06:59:14 --> Session: Class initialized using 'CodeIgniter\Session\Handlers\FileHandler' driver.
DEBUG - 2025-07-16 07:00:18 --> Session: Class initialized using 'CodeIgniter\Session\Handlers\FileHandler' driver.
DEBUG - 2025-07-16 07:01:55 --> Session: Class initialized using 'CodeIgniter\Session\Handlers\FileHandler' driver.
CRITICAL - 2025-07-16 07:01:55 --> CodeIgniter\View\Exceptions\ViewException: Invalid file: "tppublisher/tpauthorDetails.php"
[Method: GET, Route: tppublisher/tpauthordetails]
in SYSTEMPATH\Exceptions\FrameworkException.php on line 41.
 1 SYSTEMPATH\View\View.php(222): CodeIgniter\Exceptions\FrameworkException::forInvalidFile('tppublisher/tpauthorDetails.php')
 2 SYSTEMPATH\Common.php(1171): CodeIgniter\View\View->render('tppublisher/tpauthorDetails', [], true)
 3 APPPATH\Controllers\TpPublisher.php(118): view('tppublisher/tpauthorDetails', [...])
 4 SYSTEMPATH\CodeIgniter.php(933): App\Controllers\TpPublisher->tpAuthorDetails()
 5 SYSTEMPATH\CodeIgniter.php(509): CodeIgniter\CodeIgniter->runController(Object(App\Controllers\TpPublisher))
 6 SYSTEMPATH\CodeIgniter.php(355): CodeIgniter\CodeIgniter->handleRequest(null, Object(Config\Cache), false)
 7 SYSTEMPATH\Boot.php(334): CodeIgniter\CodeIgniter->run()
 8 SYSTEMPATH\Boot.php(67): CodeIgniter\Boot::runCodeIgniter(Object(CodeIgniter\CodeIgniter))
 9 FCPATH\index.php(56): CodeIgniter\Boot::bootWeb(Object(Config\Paths))
10 SYSTEMPATH\rewrite.php(44): require_once('E:\\codeigniter 4\\adminv4\\public\\index.php')
DEBUG - 2025-07-16 07:02:37 --> Session: Class initialized using 'CodeIgniter\Session\Handlers\FileHandler' driver.
CRITICAL - 2025-07-16 07:02:37 --> CodeIgniter\View\Exceptions\ViewException: Invalid file: "tppublisher/tpauthorDetails.php"
[Method: GET, Route: tppublisher/tpauthordetails]
in SYSTEMPATH\Exceptions\FrameworkException.php on line 41.
 1 SYSTEMPATH\View\View.php(222): CodeIgniter\Exceptions\FrameworkException::forInvalidFile('tppublisher/tpauthorDetails.php')
 2 SYSTEMPATH\Common.php(1171): CodeIgniter\View\View->render('tppublisher/tpauthorDetails', [], true)
 3 APPPATH\Controllers\TpPublisher.php(118): view('tppublisher/tpauthorDetails', [...])
 4 SYSTEMPATH\CodeIgniter.php(933): App\Controllers\TpPublisher->tpAuthorDetails()
 5 SYSTEMPATH\CodeIgniter.php(509): CodeIgniter\CodeIgniter->runController(Object(App\Controllers\TpPublisher))
 6 SYSTEMPATH\CodeIgniter.php(355): CodeIgniter\CodeIgniter->handleRequest(null, Object(Config\Cache), false)
 7 SYSTEMPATH\Boot.php(334): CodeIgniter\CodeIgniter->run()
 8 SYSTEMPATH\Boot.php(67): CodeIgniter\Boot::runCodeIgniter(Object(CodeIgniter\CodeIgniter))
 9 FCPATH\index.php(56): CodeIgniter\Boot::bootWeb(Object(Config\Paths))
10 SYSTEMPATH\rewrite.php(44): require_once('E:\\codeigniter 4\\adminv4\\public\\index.php')
DEBUG - 2025-07-16 07:02:38 --> Session: Class initialized using 'CodeIgniter\Session\Handlers\FileHandler' driver.
CRITICAL - 2025-07-16 07:02:38 --> CodeIgniter\View\Exceptions\ViewException: Invalid file: "tppublisher/tpauthorDetails.php"
[Method: GET, Route: tppublisher/tpauthordetails]
in SYSTEMPATH\Exceptions\FrameworkException.php on line 41.
 1 SYSTEMPATH\View\View.php(222): CodeIgniter\Exceptions\FrameworkException::forInvalidFile('tppublisher/tpauthorDetails.php')
 2 SYSTEMPATH\Common.php(1171): CodeIgniter\View\View->render('tppublisher/tpauthorDetails', [], true)
 3 APPPATH\Controllers\TpPublisher.php(118): view('tppublisher/tpauthorDetails', [...])
 4 SYSTEMPATH\CodeIgniter.php(933): App\Controllers\TpPublisher->tpAuthorDetails()
 5 SYSTEMPATH\CodeIgniter.php(509): CodeIgniter\CodeIgniter->runController(Object(App\Controllers\TpPublisher))
 6 SYSTEMPATH\CodeIgniter.php(355): CodeIgniter\CodeIgniter->handleRequest(null, Object(Config\Cache), false)
 7 SYSTEMPATH\Boot.php(334): CodeIgniter\CodeIgniter->run()
 8 SYSTEMPATH\Boot.php(67): CodeIgniter\Boot::runCodeIgniter(Object(CodeIgniter\CodeIgniter))
 9 FCPATH\index.php(56): CodeIgniter\Boot::bootWeb(Object(Config\Paths))
10 SYSTEMPATH\rewrite.php(44): require_once('E:\\codeigniter 4\\adminv4\\public\\index.php')
DEBUG - 2025-07-16 07:04:16 --> Session: Class initialized using 'CodeIgniter\Session\Handlers\FileHandler' driver.
CRITICAL - 2025-07-16 07:04:16 --> CodeIgniter\View\Exceptions\ViewException: Invalid file: "tppublisher/tpauthordetails.php"
[Method: GET, Route: tppublisher/tpauthordetails]
in SYSTEMPATH\Exceptions\FrameworkException.php on line 41.
 1 SYSTEMPATH\View\View.php(222): CodeIgniter\Exceptions\FrameworkException::forInvalidFile('tppublisher/tpauthordetails.php')
 2 SYSTEMPATH\Common.php(1171): CodeIgniter\View\View->render('tppublisher/tpauthordetails', [], true)
 3 APPPATH\Controllers\TpPublisher.php(121): view('tppublisher/tpauthordetails', [...])
 4 SYSTEMPATH\CodeIgniter.php(933): App\Controllers\TpPublisher->tpAuthorDetails()
 5 SYSTEMPATH\CodeIgniter.php(509): CodeIgniter\CodeIgniter->runController(Object(App\Controllers\TpPublisher))
 6 SYSTEMPATH\CodeIgniter.php(355): CodeIgniter\CodeIgniter->handleRequest(null, Object(Config\Cache), false)
 7 SYSTEMPATH\Boot.php(334): CodeIgniter\CodeIgniter->run()
 8 SYSTEMPATH\Boot.php(67): CodeIgniter\Boot::runCodeIgniter(Object(CodeIgniter\CodeIgniter))
 9 FCPATH\index.php(56): CodeIgniter\Boot::bootWeb(Object(Config\Paths))
10 SYSTEMPATH\rewrite.php(44): require_once('E:\\codeigniter 4\\adminv4\\public\\index.php')
DEBUG - 2025-07-16 07:04:19 --> Session: Class initialized using 'CodeIgniter\Session\Handlers\FileHandler' driver.
DEBUG - 2025-07-16 07:04:38 --> Session: Class initialized using 'CodeIgniter\Session\Handlers\FileHandler' driver.
DEBUG - 2025-07-16 07:04:40 --> Session: Class initialized using 'CodeIgniter\Session\Handlers\FileHandler' driver.
DEBUG - 2025-07-16 07:17:42 --> Session: Class initialized using 'CodeIgniter\Session\Handlers\FileHandler' driver.
DEBUG - 2025-07-16 07:17:43 --> Session: Class initialized using 'CodeIgniter\Session\Handlers\FileHandler' driver.
DEBUG - 2025-07-16 07:23:40 --> Session: Class initialized using 'CodeIgniter\Session\Handlers\FileHandler' driver.
DEBUG - 2025-07-16 07:26:44 --> Session: Class initialized using 'CodeIgniter\Session\Handlers\FileHandler' driver.
DEBUG - 2025-07-16 07:35:48 --> Session: Class initialized using 'CodeIgniter\Session\Handlers\FileHandler' driver.
DEBUG - 2025-07-16 07:40:19 --> Session: Class initialized using 'CodeIgniter\Session\Handlers\FileHandler' driver.
DEBUG - 2025-07-16 07:50:01 --> Session: Class initialized using 'CodeIgniter\Session\Handlers\FileHandler' driver.
DEBUG - 2025-07-16 07:50:37 --> Session: Class initialized using 'CodeIgniter\Session\Handlers\FileHandler' driver.
DEBUG - 2025-07-16 07:50:41 --> Session: Class initialized using 'CodeIgniter\Session\Handlers\FileHandler' driver.
DEBUG - 2025-07-16 07:51:21 --> Session: Class initialized using 'CodeIgniter\Session\Handlers\FileHandler' driver.
DEBUG - 2025-07-16 07:51:45 --> Session: Class initialized using 'CodeIgniter\Session\Handlers\FileHandler' driver.
DEBUG - 2025-07-16 07:52:22 --> Session: Class initialized using 'CodeIgniter\Session\Handlers\FileHandler' driver.
